{"/home/crawd_user/project/famap/server/src/index.ts": {"path":"/home/crawd_user/project/famap/server/src/index.ts","statementMap":{"0":{"start":{"line":7,"column":0},"end":{"line":7,"column":null}},"1":{"start":{"line":9,"column":6},"end":{"line":9,"column":21}},"2":{"start":{"line":10,"column":13},"end":{"line":10,"column":null}},"3":{"start":{"line":12,"column":0},"end":{"line":12,"column":null}},"4":{"start":{"line":13,"column":0},"end":{"line":13,"column":null}},"5":{"start":{"line":16,"column":0},"end":{"line":16,"column":null}},"6":{"start":{"line":17,"column":0},"end":{"line":17,"column":null}},"7":{"start":{"line":19,"column":0},"end":{"line":21,"column":null}},"8":{"start":{"line":20,"column":2},"end":{"line":20,"column":null}},"9":{"start":{"line":23,"column":0},"end":{"line":26,"column":null}},"10":{"start":{"line":24,"column":2},"end":{"line":26,"column":null}},"11":{"start":{"line":25,"column":4},"end":{"line":25,"column":null}}},"fnMap":{"0":{"name":"(anonymous_0)","decl":{"start":{"line":19,"column":8},"end":{"line":19,"column":20}},"loc":{"start":{"line":19,"column":52},"end":{"line":21,"column":null}},"line":19},"1":{"name":"(anonymous_1)","decl":{"start":{"line":24,"column":13},"end":{"line":24,"column":25}},"loc":{"start":{"line":24,"column":25},"end":{"line":26,"column":null}},"line":24}},"branchMap":{"0":{"loc":{"start":{"line":10,"column":13},"end":{"line":10,"column":null}},"type":"binary-expr","locations":[{"start":{"line":10,"column":13},"end":{"line":10,"column":33}},{"start":{"line":10,"column":33},"end":{"line":10,"column":null}}],"line":10},"1":{"loc":{"start":{"line":23,"column":0},"end":{"line":26,"column":null}},"type":"if","locations":[{"start":{"line":23,"column":0},"end":{"line":26,"column":null}},{"start":{},"end":{}}],"line":23}},"s":{"0":5,"1":5,"2":5,"3":5,"4":5,"5":5,"6":5,"7":5,"8":1,"9":5,"10":0,"11":0},"f":{"0":1,"1":0},"b":{"0":[5,5],"1":[0,5]},"meta":{"lastBranch":2,"lastFunction":2,"lastStatement":12,"seen":{"s:7:0:7:Infinity":0,"s:9:6:9:21":1,"s:10:13:10:Infinity":2,"b:10:13:10:33:10:33:10:Infinity":0,"s:12:0:12:Infinity":3,"s:13:0:13:Infinity":4,"s:16:0:16:Infinity":5,"s:17:0:17:Infinity":6,"s:19:0:21:Infinity":7,"f:19:8:19:20":0,"s:20:2:20:Infinity":8,"b:23:0:26:Infinity:undefined:undefined:undefined:undefined":1,"s:23:0:26:Infinity":9,"s:24:2:26:Infinity":10,"f:24:13:24:25":1,"s:25:4:25:Infinity":11}}}
,"/home/crawd_user/project/famap/server/src/controllers/favoriteController.ts": {"path":"/home/crawd_user/project/famap/server/src/controllers/favoriteController.ts","statementMap":{"0":{"start":{"line":6,"column":4},"end":{"line":14,"column":null}},"1":{"start":{"line":7,"column":21},"end":{"line":7,"column":null}},"2":{"start":{"line":8,"column":6},"end":{"line":9,"column":null}},"3":{"start":{"line":9,"column":8},"end":{"line":9,"column":null}},"4":{"start":{"line":11,"column":24},"end":{"line":11,"column":66}},"5":{"start":{"line":12,"column":6},"end":{"line":12,"column":null}},"6":{"start":{"line":14,"column":6},"end":{"line":14,"column":null}},"7":{"start":{"line":19,"column":4},"end":{"line":31,"column":null}},"8":{"start":{"line":20,"column":37},"end":{"line":20,"column":null}},"9":{"start":{"line":21,"column":6},"end":{"line":22,"column":null}},"10":{"start":{"line":22,"column":8},"end":{"line":22,"column":null}},"11":{"start":{"line":25,"column":23},"end":{"line":25,"column":80}},"12":{"start":{"line":26,"column":6},"end":{"line":27,"column":null}},"13":{"start":{"line":27,"column":8},"end":{"line":27,"column":null}},"14":{"start":{"line":29,"column":6},"end":{"line":29,"column":null}},"15":{"start":{"line":31,"column":6},"end":{"line":31,"column":null}},"16":{"start":{"line":36,"column":4},"end":{"line":48,"column":null}},"17":{"start":{"line":37,"column":37},"end":{"line":37,"column":null}},"18":{"start":{"line":38,"column":6},"end":{"line":39,"column":null}},"19":{"start":{"line":39,"column":8},"end":{"line":39,"column":null}},"20":{"start":{"line":42,"column":22},"end":{"line":42,"column":78}},"21":{"start":{"line":43,"column":6},"end":{"line":44,"column":null}},"22":{"start":{"line":44,"column":8},"end":{"line":44,"column":null}},"23":{"start":{"line":46,"column":6},"end":{"line":46,"column":null}},"24":{"start":{"line":48,"column":6},"end":{"line":48,"column":null}},"25":{"start":{"line":53,"column":4},"end":{"line":61,"column":null}},"26":{"start":{"line":54,"column":37},"end":{"line":54,"column":null}},"27":{"start":{"line":55,"column":6},"end":{"line":56,"column":null}},"28":{"start":{"line":56,"column":8},"end":{"line":56,"column":null}},"29":{"start":{"line":58,"column":26},"end":{"line":58,"column":99}},"30":{"start":{"line":59,"column":6},"end":{"line":59,"column":null}},"31":{"start":{"line":61,"column":6},"end":{"line":61,"column":null}}},"fnMap":{"0":{"name":"(anonymous_0)","decl":{"start":{"line":5,"column":15},"end":{"line":5,"column":28}},"loc":{"start":{"line":5,"column":57},"end":{"line":14,"column":null}},"line":5},"1":{"name":"(anonymous_1)","decl":{"start":{"line":18,"column":15},"end":{"line":18,"column":27}},"loc":{"start":{"line":18,"column":56},"end":{"line":31,"column":null}},"line":18},"2":{"name":"(anonymous_2)","decl":{"start":{"line":35,"column":15},"end":{"line":35,"column":30}},"loc":{"start":{"line":35,"column":59},"end":{"line":48,"column":null}},"line":35},"3":{"name":"(anonymous_3)","decl":{"start":{"line":52,"column":15},"end":{"line":52,"column":29}},"loc":{"start":{"line":52,"column":58},"end":{"line":61,"column":null}},"line":52}},"branchMap":{"0":{"loc":{"start":{"line":8,"column":6},"end":{"line":9,"column":null}},"type":"if","locations":[{"start":{"line":8,"column":6},"end":{"line":9,"column":null}},{"start":{},"end":{}}],"line":8},"1":{"loc":{"start":{"line":21,"column":6},"end":{"line":22,"column":null}},"type":"if","locations":[{"start":{"line":21,"column":6},"end":{"line":22,"column":null}},{"start":{},"end":{}}],"line":21},"2":{"loc":{"start":{"line":21,"column":10},"end":{"line":21,"column":34}},"type":"binary-expr","locations":[{"start":{"line":21,"column":10},"end":{"line":21,"column":21}},{"start":{"line":21,"column":21},"end":{"line":21,"column":34}}],"line":21},"3":{"loc":{"start":{"line":26,"column":6},"end":{"line":27,"column":null}},"type":"if","locations":[{"start":{"line":26,"column":6},"end":{"line":27,"column":null}},{"start":{},"end":{}}],"line":26},"4":{"loc":{"start":{"line":38,"column":6},"end":{"line":39,"column":null}},"type":"if","locations":[{"start":{"line":38,"column":6},"end":{"line":39,"column":null}},{"start":{},"end":{}}],"line":38},"5":{"loc":{"start":{"line":38,"column":10},"end":{"line":38,"column":34}},"type":"binary-expr","locations":[{"start":{"line":38,"column":10},"end":{"line":38,"column":21}},{"start":{"line":38,"column":21},"end":{"line":38,"column":34}}],"line":38},"6":{"loc":{"start":{"line":43,"column":6},"end":{"line":44,"column":null}},"type":"if","locations":[{"start":{"line":43,"column":6},"end":{"line":44,"column":null}},{"start":{},"end":{}}],"line":43},"7":{"loc":{"start":{"line":55,"column":6},"end":{"line":56,"column":null}},"type":"if","locations":[{"start":{"line":55,"column":6},"end":{"line":56,"column":null}},{"start":{},"end":{}}],"line":55},"8":{"loc":{"start":{"line":55,"column":10},"end":{"line":55,"column":34}},"type":"binary-expr","locations":[{"start":{"line":55,"column":10},"end":{"line":55,"column":21}},{"start":{"line":55,"column":21},"end":{"line":55,"column":34}}],"line":55}},"s":{"0":2,"1":2,"2":2,"3":1,"4":1,"5":1,"6":0,"7":2,"8":2,"9":2,"10":1,"11":1,"12":1,"13":0,"14":1,"15":0,"16":1,"17":1,"18":1,"19":0,"20":1,"21":1,"22":0,"23":1,"24":0,"25":2,"26":2,"27":2,"28":0,"29":2,"30":2,"31":0},"f":{"0":5,"1":5,"2":5,"3":5},"b":{"0":[1,1],"1":[1,1],"2":[2,2],"3":[0,1],"4":[0,1],"5":[1,1],"6":[0,1],"7":[0,2],"8":[2,2]},"meta":{"lastBranch":9,"lastFunction":4,"lastStatement":32,"seen":{"f:5:15:5:28":0,"s:6:4:14:Infinity":0,"s:7:21:7:Infinity":1,"b:8:6:9:Infinity:undefined:undefined:undefined:undefined":0,"s:8:6:9:Infinity":2,"s:9:8:9:Infinity":3,"s:11:24:11:66":4,"s:12:6:12:Infinity":5,"s:14:6:14:Infinity":6,"f:18:15:18:27":1,"s:19:4:31:Infinity":7,"s:20:37:20:Infinity":8,"b:21:6:22:Infinity:undefined:undefined:undefined:undefined":1,"s:21:6:22:Infinity":9,"b:21:10:21:21:21:21:21:34":2,"s:22:8:22:Infinity":10,"s:25:23:25:80":11,"b:26:6:27:Infinity:undefined:undefined:undefined:undefined":3,"s:26:6:27:Infinity":12,"s:27:8:27:Infinity":13,"s:29:6:29:Infinity":14,"s:31:6:31:Infinity":15,"f:35:15:35:30":2,"s:36:4:48:Infinity":16,"s:37:37:37:Infinity":17,"b:38:6:39:Infinity:undefined:undefined:undefined:undefined":4,"s:38:6:39:Infinity":18,"b:38:10:38:21:38:21:38:34":5,"s:39:8:39:Infinity":19,"s:42:22:42:78":20,"b:43:6:44:Infinity:undefined:undefined:undefined:undefined":6,"s:43:6:44:Infinity":21,"s:44:8:44:Infinity":22,"s:46:6:46:Infinity":23,"s:48:6:48:Infinity":24,"f:52:15:52:29":3,"s:53:4:61:Infinity":25,"s:54:37:54:Infinity":26,"b:55:6:56:Infinity:undefined:undefined:undefined:undefined":7,"s:55:6:56:Infinity":27,"b:55:10:55:21:55:21:55:34":8,"s:56:8:56:Infinity":28,"s:58:26:58:99":29,"s:59:6:59:Infinity":30,"s:61:6:61:Infinity":31}}}
,"/home/crawd_user/project/famap/server/src/controllers/locationController.ts": {"path":"/home/crawd_user/project/famap/server/src/controllers/locationController.ts","statementMap":{"0":{"start":{"line":5,"column":21},"end":{"line":11,"column":2}},"1":{"start":{"line":13,"column":29},"end":{"line":20,"column":2}},"2":{"start":{"line":24,"column":24},"end":{"line":24,"column":57}},"3":{"start":{"line":25,"column":4},"end":{"line":26,"column":null}},"4":{"start":{"line":26,"column":6},"end":{"line":26,"column":null}},"5":{"start":{"line":29,"column":22},"end":{"line":29,"column":72}},"6":{"start":{"line":30,"column":4},"end":{"line":30,"column":null}},"7":{"start":{"line":34,"column":19},"end":{"line":34,"column":null}},"8":{"start":{"line":35,"column":4},"end":{"line":35,"column":null}},"9":{"start":{"line":35,"column":13},"end":{"line":35,"column":null}},"10":{"start":{"line":37,"column":21},"end":{"line":37,"column":55}},"11":{"start":{"line":38,"column":4},"end":{"line":39,"column":null}},"12":{"start":{"line":39,"column":6},"end":{"line":39,"column":null}},"13":{"start":{"line":42,"column":4},"end":{"line":42,"column":null}},"14":{"start":{"line":46,"column":24},"end":{"line":46,"column":64}},"15":{"start":{"line":47,"column":4},"end":{"line":48,"column":null}},"16":{"start":{"line":48,"column":6},"end":{"line":48,"column":null}},"17":{"start":{"line":51,"column":24},"end":{"line":51,"column":70}},"18":{"start":{"line":52,"column":4},"end":{"line":52,"column":null}},"19":{"start":{"line":56,"column":19},"end":{"line":56,"column":null}},"20":{"start":{"line":57,"column":4},"end":{"line":58,"column":null}},"21":{"start":{"line":58,"column":6},"end":{"line":58,"column":null}},"22":{"start":{"line":60,"column":24},"end":{"line":60,"column":74}},"23":{"start":{"line":61,"column":4},"end":{"line":62,"column":null}},"24":{"start":{"line":62,"column":6},"end":{"line":62,"column":null}},"25":{"start":{"line":65,"column":28},"end":{"line":65,"column":78}},"26":{"start":{"line":66,"column":4},"end":{"line":67,"column":null}},"27":{"start":{"line":67,"column":6},"end":{"line":67,"column":null}},"28":{"start":{"line":70,"column":4},"end":{"line":70,"column":null}}},"fnMap":{"0":{"name":"(anonymous_0)","decl":{"start":{"line":23,"column":15},"end":{"line":23,"column":25}},"loc":{"start":{"line":23,"column":54},"end":{"line":30,"column":null}},"line":23},"1":{"name":"(anonymous_1)","decl":{"start":{"line":33,"column":15},"end":{"line":33,"column":23}},"loc":{"start":{"line":33,"column":52},"end":{"line":42,"column":null}},"line":33},"2":{"name":"(anonymous_2)","decl":{"start":{"line":45,"column":15},"end":{"line":45,"column":22}},"loc":{"start":{"line":45,"column":51},"end":{"line":52,"column":null}},"line":45},"3":{"name":"(anonymous_3)","decl":{"start":{"line":55,"column":15},"end":{"line":55,"column":22}},"loc":{"start":{"line":55,"column":51},"end":{"line":70,"column":null}},"line":55}},"branchMap":{"0":{"loc":{"start":{"line":25,"column":4},"end":{"line":26,"column":null}},"type":"if","locations":[{"start":{"line":25,"column":4},"end":{"line":26,"column":null}},{"start":{},"end":{}}],"line":25},"1":{"loc":{"start":{"line":35,"column":4},"end":{"line":35,"column":null}},"type":"if","locations":[{"start":{"line":35,"column":4},"end":{"line":35,"column":null}},{"start":{},"end":{}}],"line":35},"2":{"loc":{"start":{"line":38,"column":4},"end":{"line":39,"column":null}},"type":"if","locations":[{"start":{"line":38,"column":4},"end":{"line":39,"column":null}},{"start":{},"end":{}}],"line":38},"3":{"loc":{"start":{"line":47,"column":4},"end":{"line":48,"column":null}},"type":"if","locations":[{"start":{"line":47,"column":4},"end":{"line":48,"column":null}},{"start":{},"end":{}}],"line":47},"4":{"loc":{"start":{"line":57,"column":4},"end":{"line":58,"column":null}},"type":"if","locations":[{"start":{"line":57,"column":4},"end":{"line":58,"column":null}},{"start":{},"end":{}}],"line":57},"5":{"loc":{"start":{"line":61,"column":4},"end":{"line":62,"column":null}},"type":"if","locations":[{"start":{"line":61,"column":4},"end":{"line":62,"column":null}},{"start":{},"end":{}}],"line":61},"6":{"loc":{"start":{"line":66,"column":4},"end":{"line":67,"column":null}},"type":"if","locations":[{"start":{"line":66,"column":4},"end":{"line":67,"column":null}},{"start":{},"end":{}}],"line":66}},"s":{"0":5,"1":5,"2":2,"3":2,"4":1,"5":1,"6":1,"7":2,"8":2,"9":0,"10":2,"11":2,"12":1,"13":1,"14":2,"15":2,"16":1,"17":1,"18":1,"19":3,"20":3,"21":0,"22":3,"23":3,"24":1,"25":2,"26":2,"27":1,"28":1},"f":{"0":5,"1":5,"2":5,"3":5},"b":{"0":[1,1],"1":[0,2],"2":[1,1],"3":[1,1],"4":[0,3],"5":[1,2],"6":[1,1]},"meta":{"lastBranch":7,"lastFunction":4,"lastStatement":29,"seen":{"s:5:21:11:2":0,"s:13:29:20:2":1,"f:23:15:23:25":0,"s:24:24:24:57":2,"b:25:4:26:Infinity:undefined:undefined:undefined:undefined":0,"s:25:4:26:Infinity":3,"s:26:6:26:Infinity":4,"s:29:22:29:72":5,"s:30:4:30:Infinity":6,"f:33:15:33:23":1,"s:34:19:34:Infinity":7,"b:35:4:35:Infinity:undefined:undefined:undefined:undefined":1,"s:35:4:35:Infinity":8,"s:35:13:35:Infinity":9,"s:37:21:37:55":10,"b:38:4:39:Infinity:undefined:undefined:undefined:undefined":2,"s:38:4:39:Infinity":11,"s:39:6:39:Infinity":12,"s:42:4:42:Infinity":13,"f:45:15:45:22":2,"s:46:24:46:64":14,"b:47:4:48:Infinity:undefined:undefined:undefined:undefined":3,"s:47:4:48:Infinity":15,"s:48:6:48:Infinity":16,"s:51:24:51:70":17,"s:52:4:52:Infinity":18,"f:55:15:55:22":3,"s:56:19:56:Infinity":19,"b:57:4:58:Infinity:undefined:undefined:undefined:undefined":4,"s:57:4:58:Infinity":20,"s:58:6:58:Infinity":21,"s:60:24:60:74":22,"b:61:4:62:Infinity:undefined:undefined:undefined:undefined":5,"s:61:4:62:Infinity":23,"s:62:6:62:Infinity":24,"s:65:28:65:78":25,"b:66:4:67:Infinity:undefined:undefined:undefined:undefined":6,"s:66:4:67:Infinity":26,"s:67:6:67:Infinity":27,"s:70:4:70:Infinity":28}}}
,"/home/crawd_user/project/famap/server/src/controllers/reviewController.ts": {"path":"/home/crawd_user/project/famap/server/src/controllers/reviewController.ts","statementMap":{"0":{"start":{"line":7,"column":4},"end":{"line":16,"column":null}},"1":{"start":{"line":8,"column":21},"end":{"line":8,"column":null}},"2":{"start":{"line":9,"column":6},"end":{"line":10,"column":null}},"3":{"start":{"line":10,"column":8},"end":{"line":10,"column":null}},"4":{"start":{"line":12,"column":22},"end":{"line":12,"column":72}},"5":{"start":{"line":13,"column":6},"end":{"line":13,"column":null}},"6":{"start":{"line":15,"column":6},"end":{"line":15,"column":null}},"7":{"start":{"line":16,"column":6},"end":{"line":16,"column":null}},"8":{"start":{"line":21,"column":4},"end":{"line":42,"column":null}},"9":{"start":{"line":22,"column":21},"end":{"line":22,"column":null}},"10":{"start":{"line":23,"column":44},"end":{"line":23,"column":null}},"11":{"start":{"line":25,"column":6},"end":{"line":26,"column":null}},"12":{"start":{"line":26,"column":8},"end":{"line":26,"column":null}},"13":{"start":{"line":29,"column":6},"end":{"line":30,"column":null}},"14":{"start":{"line":30,"column":8},"end":{"line":30,"column":null}},"15":{"start":{"line":33,"column":23},"end":{"line":33,"column":67}},"16":{"start":{"line":34,"column":6},"end":{"line":35,"column":null}},"17":{"start":{"line":35,"column":8},"end":{"line":35,"column":null}},"18":{"start":{"line":38,"column":21},"end":{"line":38,"column":92}},"19":{"start":{"line":39,"column":6},"end":{"line":39,"column":null}},"20":{"start":{"line":41,"column":6},"end":{"line":41,"column":null}},"21":{"start":{"line":42,"column":6},"end":{"line":42,"column":null}}},"fnMap":{"0":{"name":"(anonymous_0)","decl":{"start":{"line":6,"column":15},"end":{"line":6,"column":26}},"loc":{"start":{"line":6,"column":55},"end":{"line":16,"column":null}},"line":6},"1":{"name":"(anonymous_1)","decl":{"start":{"line":20,"column":15},"end":{"line":20,"column":28}},"loc":{"start":{"line":20,"column":57},"end":{"line":42,"column":null}},"line":20}},"branchMap":{"0":{"loc":{"start":{"line":9,"column":6},"end":{"line":10,"column":null}},"type":"if","locations":[{"start":{"line":9,"column":6},"end":{"line":10,"column":null}},{"start":{},"end":{}}],"line":9},"1":{"loc":{"start":{"line":25,"column":6},"end":{"line":26,"column":null}},"type":"if","locations":[{"start":{"line":25,"column":6},"end":{"line":26,"column":null}},{"start":{},"end":{}}],"line":25},"2":{"loc":{"start":{"line":29,"column":6},"end":{"line":30,"column":null}},"type":"if","locations":[{"start":{"line":29,"column":6},"end":{"line":30,"column":null}},{"start":{},"end":{}}],"line":29},"3":{"loc":{"start":{"line":29,"column":10},"end":{"line":29,"column":31}},"type":"binary-expr","locations":[{"start":{"line":29,"column":10},"end":{"line":29,"column":21}},{"start":{"line":29,"column":21},"end":{"line":29,"column":31}}],"line":29},"4":{"loc":{"start":{"line":34,"column":6},"end":{"line":35,"column":null}},"type":"if","locations":[{"start":{"line":34,"column":6},"end":{"line":35,"column":null}},{"start":{},"end":{}}],"line":34}},"s":{"0":3,"1":3,"2":3,"3":0,"4":3,"5":2,"6":1,"7":1,"8":4,"9":4,"10":4,"11":4,"12":0,"13":4,"14":1,"15":3,"16":3,"17":1,"18":2,"19":1,"20":1,"21":1},"f":{"0":5,"1":5},"b":{"0":[0,3],"1":[0,4],"2":[1,3],"3":[4,4],"4":[1,2]},"meta":{"lastBranch":5,"lastFunction":2,"lastStatement":22,"seen":{"f:6:15:6:26":0,"s:7:4:16:Infinity":0,"s:8:21:8:Infinity":1,"b:9:6:10:Infinity:undefined:undefined:undefined:undefined":0,"s:9:6:10:Infinity":2,"s:10:8:10:Infinity":3,"s:12:22:12:72":4,"s:13:6:13:Infinity":5,"s:15:6:15:Infinity":6,"s:16:6:16:Infinity":7,"f:20:15:20:28":1,"s:21:4:42:Infinity":8,"s:22:21:22:Infinity":9,"s:23:44:23:Infinity":10,"b:25:6:26:Infinity:undefined:undefined:undefined:undefined":1,"s:25:6:26:Infinity":11,"s:26:8:26:Infinity":12,"b:29:6:30:Infinity:undefined:undefined:undefined:undefined":2,"s:29:6:30:Infinity":13,"b:29:10:29:21:29:21:29:31":3,"s:30:8:30:Infinity":14,"s:33:23:33:67":15,"b:34:6:35:Infinity:undefined:undefined:undefined:undefined":4,"s:34:6:35:Infinity":16,"s:35:8:35:Infinity":17,"s:38:21:38:92":18,"s:39:6:39:Infinity":19,"s:41:6:41:Infinity":20,"s:42:6:42:Infinity":21}}}
,"/home/crawd_user/project/famap/server/src/data/seed-data.ts": {"path":"/home/crawd_user/project/famap/server/src/data/seed-data.ts","statementMap":{"0":{"start":{"line":5,"column":39},"end":{"line":46,"column":null}},"1":{"start":{"line":48,"column":37},"end":{"line":76,"column":null}},"2":{"start":{"line":78,"column":39},"end":{"line":78,"column":41}}},"fnMap":{},"branchMap":{},"s":{"0":7,"1":7,"2":7},"f":{},"b":{},"meta":{"lastBranch":0,"lastFunction":0,"lastStatement":3,"seen":{"s:5:39:46:Infinity":0,"s:48:37:76:Infinity":1,"s:78:39:78:41":2}}}
,"/home/crawd_user/project/famap/server/src/routes/favoriteRoutes.ts": {"path":"/home/crawd_user/project/famap/server/src/routes/favoriteRoutes.ts","statementMap":{"0":{"start":{"line":4,"column":6},"end":{"line":4,"column":23}},"1":{"start":{"line":7,"column":0},"end":{"line":7,"column":null}},"2":{"start":{"line":8,"column":0},"end":{"line":8,"column":null}},"3":{"start":{"line":9,"column":0},"end":{"line":9,"column":null}},"4":{"start":{"line":10,"column":0},"end":{"line":10,"column":null}}},"fnMap":{},"branchMap":{},"s":{"0":5,"1":5,"2":5,"3":5,"4":5},"f":{},"b":{},"meta":{"lastBranch":0,"lastFunction":0,"lastStatement":5,"seen":{"s:4:6:4:23":0,"s:7:0:7:Infinity":1,"s:8:0:8:Infinity":2,"s:9:0:9:Infinity":3,"s:10:0:10:Infinity":4}}}
,"/home/crawd_user/project/famap/server/src/routes/locationRoutes.ts": {"path":"/home/crawd_user/project/famap/server/src/routes/locationRoutes.ts","statementMap":{"0":{"start":{"line":5,"column":6},"end":{"line":5,"column":23}},"1":{"start":{"line":8,"column":0},"end":{"line":8,"column":null}},"2":{"start":{"line":9,"column":0},"end":{"line":9,"column":null}},"3":{"start":{"line":10,"column":0},"end":{"line":10,"column":null}},"4":{"start":{"line":11,"column":0},"end":{"line":11,"column":null}},"5":{"start":{"line":14,"column":0},"end":{"line":14,"column":null}},"6":{"start":{"line":15,"column":0},"end":{"line":15,"column":null}}},"fnMap":{},"branchMap":{},"s":{"0":5,"1":5,"2":5,"3":5,"4":5,"5":5,"6":5},"f":{},"b":{},"meta":{"lastBranch":0,"lastFunction":0,"lastStatement":7,"seen":{"s:5:6:5:23":0,"s:8:0:8:Infinity":1,"s:9:0:9:Infinity":2,"s:10:0:10:Infinity":3,"s:11:0:11:Infinity":4,"s:14:0:14:Infinity":5,"s:15:0:15:Infinity":6}}}
,"/home/crawd_user/project/famap/server/src/services/favoriteService.ts": {"path":"/home/crawd_user/project/famap/server/src/services/favoriteService.ts","statementMap":{"0":{"start":{"line":7,"column":26},"end":{"line":7,"column":72}},"1":{"start":{"line":7,"column":52},"end":{"line":7,"column":72}},"2":{"start":{"line":8,"column":24},"end":{"line":8,"column":60}},"3":{"start":{"line":8,"column":47},"end":{"line":8,"column":60}},"4":{"start":{"line":9,"column":4},"end":{"line":9,"column":null}},"5":{"start":{"line":9,"column":37},"end":{"line":9,"column":63}},"6":{"start":{"line":14,"column":21},"end":{"line":15,"column":null}},"7":{"start":{"line":15,"column":11},"end":{"line":15,"column":null}},"8":{"start":{"line":17,"column":4},"end":{"line":17,"column":null}},"9":{"start":{"line":17,"column":18},"end":{"line":17,"column":null}},"10":{"start":{"line":20,"column":21},"end":{"line":20,"column":70}},"11":{"start":{"line":20,"column":45},"end":{"line":20,"column":70}},"12":{"start":{"line":21,"column":4},"end":{"line":21,"column":null}},"13":{"start":{"line":21,"column":19},"end":{"line":21,"column":null}},"14":{"start":{"line":23,"column":34},"end":{"line":28,"column":null}},"15":{"start":{"line":30,"column":4},"end":{"line":30,"column":null}},"16":{"start":{"line":31,"column":4},"end":{"line":31,"column":null}},"17":{"start":{"line":35,"column":18},"end":{"line":36,"column":null}},"18":{"start":{"line":36,"column":11},"end":{"line":36,"column":null}},"19":{"start":{"line":38,"column":4},"end":{"line":38,"column":null}},"20":{"start":{"line":38,"column":22},"end":{"line":38,"column":null}},"21":{"start":{"line":40,"column":4},"end":{"line":40,"column":null}},"22":{"start":{"line":41,"column":4},"end":{"line":41,"column":null}},"23":{"start":{"line":45,"column":4},"end":{"line":45,"column":null}},"24":{"start":{"line":45,"column":35},"end":{"line":45,"column":86}}},"fnMap":{"0":{"name":"(anonymous_0)","decl":{"start":{"line":6,"column":15},"end":{"line":6,"column":28}},"loc":{"start":{"line":6,"column":65},"end":{"line":9,"column":null}},"line":6},"1":{"name":"(anonymous_1)","decl":{"start":{"line":7,"column":40},"end":{"line":7,"column":47}},"loc":{"start":{"line":7,"column":52},"end":{"line":7,"column":72}},"line":7},"2":{"name":"(anonymous_2)","decl":{"start":{"line":8,"column":38},"end":{"line":8,"column":42}},"loc":{"start":{"line":8,"column":47},"end":{"line":8,"column":60}},"line":8},"3":{"name":"(anonymous_3)","decl":{"start":{"line":9,"column":25},"end":{"line":9,"column":32}},"loc":{"start":{"line":9,"column":37},"end":{"line":9,"column":63}},"line":9},"4":{"name":"(anonymous_4)","decl":{"start":{"line":12,"column":15},"end":{"line":12,"column":27}},"loc":{"start":{"line":12,"column":78},"end":{"line":31,"column":null}},"line":12},"5":{"name":"(anonymous_5)","decl":{"start":{"line":14,"column":35},"end":{"line":14,"column":null}},"loc":{"start":{"line":15,"column":11},"end":{"line":15,"column":null}},"line":15},"6":{"name":"(anonymous_6)","decl":{"start":{"line":20,"column":35},"end":{"line":20,"column":40}},"loc":{"start":{"line":20,"column":45},"end":{"line":20,"column":70}},"line":20},"7":{"name":"(anonymous_7)","decl":{"start":{"line":34,"column":15},"end":{"line":34,"column":30}},"loc":{"start":{"line":34,"column":84},"end":{"line":41,"column":null}},"line":34},"8":{"name":"(anonymous_8)","decl":{"start":{"line":35,"column":32},"end":{"line":35,"column":null}},"loc":{"start":{"line":36,"column":11},"end":{"line":36,"column":null}},"line":36},"9":{"name":"(anonymous_9)","decl":{"start":{"line":44,"column":15},"end":{"line":44,"column":27}},"loc":{"start":{"line":44,"column":81},"end":{"line":45,"column":null}},"line":44},"10":{"name":"(anonymous_10)","decl":{"start":{"line":45,"column":25},"end":{"line":45,"column":30}},"loc":{"start":{"line":45,"column":35},"end":{"line":45,"column":86}},"line":45}},"branchMap":{"0":{"loc":{"start":{"line":15,"column":11},"end":{"line":15,"column":null}},"type":"binary-expr","locations":[{"start":{"line":15,"column":11},"end":{"line":15,"column":39}},{"start":{"line":15,"column":39},"end":{"line":15,"column":null}}],"line":15},"1":{"loc":{"start":{"line":17,"column":4},"end":{"line":17,"column":null}},"type":"if","locations":[{"start":{"line":17,"column":4},"end":{"line":17,"column":null}},{"start":{},"end":{}}],"line":17},"2":{"loc":{"start":{"line":21,"column":4},"end":{"line":21,"column":null}},"type":"if","locations":[{"start":{"line":21,"column":4},"end":{"line":21,"column":null}},{"start":{},"end":{}}],"line":21},"3":{"loc":{"start":{"line":36,"column":11},"end":{"line":36,"column":null}},"type":"binary-expr","locations":[{"start":{"line":36,"column":11},"end":{"line":36,"column":34}},{"start":{"line":36,"column":34},"end":{"line":36,"column":null}}],"line":36},"4":{"loc":{"start":{"line":38,"column":4},"end":{"line":38,"column":null}},"type":"if","locations":[{"start":{"line":38,"column":4},"end":{"line":38,"column":null}},{"start":{},"end":{}}],"line":38},"5":{"loc":{"start":{"line":45,"column":35},"end":{"line":45,"column":86}},"type":"binary-expr","locations":[{"start":{"line":45,"column":35},"end":{"line":45,"column":58}},{"start":{"line":45,"column":58},"end":{"line":45,"column":86}}],"line":45}},"s":{"0":1,"1":1,"2":1,"3":1,"4":1,"5":4,"6":3,"7":1,"8":3,"9":1,"10":2,"11":6,"12":2,"13":1,"14":1,"15":1,"16":1,"17":2,"18":1,"19":2,"20":1,"21":1,"22":1,"23":2,"24":1},"f":{"0":6,"1":1,"2":1,"3":4,"4":6,"5":1,"6":6,"7":6,"8":1,"9":6,"10":1},"b":{"0":[1,1],"1":[1,2],"2":[1,1],"3":[1,1],"4":[1,1],"5":[1,1]},"meta":{"lastBranch":6,"lastFunction":11,"lastStatement":25,"seen":{"f:6:15:6:28":0,"s:7:26:7:72":0,"f:7:40:7:47":1,"s:7:52:7:72":1,"s:8:24:8:60":2,"f:8:38:8:42":2,"s:8:47:8:60":3,"s:9:4:9:Infinity":4,"f:9:25:9:32":3,"s:9:37:9:63":5,"f:12:15:12:27":4,"s:14:21:15:Infinity":6,"f:14:35:14:Infinity":5,"s:15:11:15:Infinity":7,"b:15:11:15:39:15:39:15:Infinity":0,"b:17:4:17:Infinity:undefined:undefined:undefined:undefined":1,"s:17:4:17:Infinity":8,"s:17:18:17:Infinity":9,"s:20:21:20:70":10,"f:20:35:20:40":6,"s:20:45:20:70":11,"b:21:4:21:Infinity:undefined:undefined:undefined:undefined":2,"s:21:4:21:Infinity":12,"s:21:19:21:Infinity":13,"s:23:34:28:Infinity":14,"s:30:4:30:Infinity":15,"s:31:4:31:Infinity":16,"f:34:15:34:30":7,"s:35:18:36:Infinity":17,"f:35:32:35:Infinity":8,"s:36:11:36:Infinity":18,"b:36:11:36:34:36:34:36:Infinity":3,"b:38:4:38:Infinity:undefined:undefined:undefined:undefined":4,"s:38:4:38:Infinity":19,"s:38:22:38:Infinity":20,"s:40:4:40:Infinity":21,"s:41:4:41:Infinity":22,"f:44:15:44:27":9,"s:45:4:45:Infinity":23,"f:45:25:45:30":10,"s:45:35:45:86":24,"b:45:35:45:58:45:58:45:86":5}}}
,"/home/crawd_user/project/famap/server/src/services/locationService.ts": {"path":"/home/crawd_user/project/famap/server/src/services/locationService.ts","statementMap":{"0":{"start":{"line":6,"column":14},"end":{"line":6,"column":null}},"1":{"start":{"line":7,"column":16},"end":{"line":7,"column":null}},"2":{"start":{"line":8,"column":16},"end":{"line":8,"column":null}},"3":{"start":{"line":9,"column":10},"end":{"line":9,"column":null}},"4":{"start":{"line":10,"column":10},"end":{"line":10,"column":null}},"5":{"start":{"line":13,"column":6},"end":{"line":14,"column":71}},"6":{"start":{"line":15,"column":14},"end":{"line":15,"column":60}},"7":{"start":{"line":17,"column":4},"end":{"line":17,"column":null}},"8":{"start":{"line":21,"column":64},"end":{"line":21,"column":null}},"9":{"start":{"line":23,"column":4},"end":{"line":36,"column":null}},"10":{"start":{"line":24,"column":23},"end":{"line":28,"column":null}},"11":{"start":{"line":31,"column":27},"end":{"line":31,"column":null}},"12":{"start":{"line":32,"column":28},"end":{"line":32,"column":null}},"13":{"start":{"line":33,"column":28},"end":{"line":33,"column":103}},"14":{"start":{"line":35,"column":6},"end":{"line":35,"column":null}},"15":{"start":{"line":40,"column":4},"end":{"line":40,"column":null}},"16":{"start":{"line":40,"column":47},"end":{"line":40,"column":59}},"17":{"start":{"line":44,"column":34},"end":{"line":48,"column":null}},"18":{"start":{"line":49,"column":4},"end":{"line":49,"column":null}},"19":{"start":{"line":50,"column":4},"end":{"line":50,"column":null}},"20":{"start":{"line":54,"column":18},"end":{"line":54,"column":71}},"21":{"start":{"line":54,"column":59},"end":{"line":54,"column":71}},"22":{"start":{"line":55,"column":4},"end":{"line":55,"column":null}},"23":{"start":{"line":55,"column":22},"end":{"line":55,"column":null}},"24":{"start":{"line":57,"column":21},"end":{"line":57,"column":null}},"25":{"start":{"line":58,"column":4},"end":{"line":58,"column":null}},"26":{"start":{"line":58,"column":19},"end":{"line":58,"column":null}},"27":{"start":{"line":60,"column":30},"end":{"line":67,"column":null}},"28":{"start":{"line":69,"column":4},"end":{"line":69,"column":null}},"29":{"start":{"line":70,"column":4},"end":{"line":70,"column":null}}},"fnMap":{"0":{"name":"(anonymous_0)","decl":{"start":{"line":5,"column":17},"end":{"line":5,"column":35}},"loc":{"start":{"line":5,"column":99},"end":{"line":17,"column":null}},"line":5},"1":{"name":"(anonymous_1)","decl":{"start":{"line":20,"column":15},"end":{"line":20,"column":26}},"loc":{"start":{"line":20,"column":69},"end":{"line":36,"column":null}},"line":20},"2":{"name":"(anonymous_2)","decl":{"start":{"line":23,"column":25},"end":{"line":23,"column":33}},"loc":{"start":{"line":23,"column":56},"end":{"line":36,"column":null}},"line":23},"3":{"name":"(anonymous_3)","decl":{"start":{"line":39,"column":15},"end":{"line":39,"column":24}},"loc":{"start":{"line":39,"column":62},"end":{"line":40,"column":null}},"line":39},"4":{"name":"(anonymous_4)","decl":{"start":{"line":40,"column":25},"end":{"line":40,"column":31}},"loc":{"start":{"line":40,"column":47},"end":{"line":40,"column":59}},"line":40},"5":{"name":"(anonymous_5)","decl":{"start":{"line":43,"column":15},"end":{"line":43,"column":22}},"loc":{"start":{"line":43,"column":95},"end":{"line":50,"column":null}},"line":43},"6":{"name":"(anonymous_6)","decl":{"start":{"line":53,"column":15},"end":{"line":53,"column":22}},"loc":{"start":{"line":53,"column":123},"end":{"line":70,"column":null}},"line":53},"7":{"name":"(anonymous_7)","decl":{"start":{"line":54,"column":32},"end":{"line":54,"column":43}},"loc":{"start":{"line":54,"column":59},"end":{"line":54,"column":71}},"line":54}},"branchMap":{"0":{"loc":{"start":{"line":32,"column":28},"end":{"line":32,"column":null}},"type":"binary-expr","locations":[{"start":{"line":32,"column":28},"end":{"line":32,"column":41}},{"start":{"line":32,"column":41},"end":{"line":32,"column":null}}],"line":32},"1":{"loc":{"start":{"line":33,"column":28},"end":{"line":33,"column":103}},"type":"binary-expr","locations":[{"start":{"line":33,"column":28},"end":{"line":33,"column":52}},{"start":{"line":33,"column":52},"end":{"line":33,"column":103}}],"line":33},"2":{"loc":{"start":{"line":35,"column":13},"end":{"line":35,"column":null}},"type":"binary-expr","locations":[{"start":{"line":35,"column":13},"end":{"line":35,"column":29}},{"start":{"line":35,"column":29},"end":{"line":35,"column":46}},{"start":{"line":35,"column":46},"end":{"line":35,"column":null}}],"line":35},"3":{"loc":{"start":{"line":40,"column":11},"end":{"line":40,"column":null}},"type":"binary-expr","locations":[{"start":{"line":40,"column":11},"end":{"line":40,"column":59}},{"start":{"line":40,"column":63},"end":{"line":40,"column":null}}],"line":40},"4":{"loc":{"start":{"line":55,"column":4},"end":{"line":55,"column":null}},"type":"if","locations":[{"start":{"line":55,"column":4},"end":{"line":55,"column":null}},{"start":{},"end":{}}],"line":55},"5":{"loc":{"start":{"line":58,"column":4},"end":{"line":58,"column":null}},"type":"if","locations":[{"start":{"line":58,"column":4},"end":{"line":58,"column":null}},{"start":{},"end":{}}],"line":58},"6":{"loc":{"start":{"line":63,"column":12},"end":{"line":63,"column":null}},"type":"cond-expr","locations":[{"start":{"line":63,"column":32},"end":{"line":63,"column":77}},{"start":{"line":63,"column":77},"end":{"line":63,"column":null}}],"line":63},"7":{"loc":{"start":{"line":64,"column":19},"end":{"line":64,"column":null}},"type":"cond-expr","locations":[{"start":{"line":64,"column":46},"end":{"line":64,"column":105}},{"start":{"line":64,"column":105},"end":{"line":64,"column":null}}],"line":64},"8":{"loc":{"start":{"line":65,"column":15},"end":{"line":65,"column":null}},"type":"cond-expr","locations":[{"start":{"line":65,"column":38},"end":{"line":65,"column":89}},{"start":{"line":65,"column":89},"end":{"line":65,"column":null}}],"line":65},"9":{"loc":{"start":{"line":66,"column":19},"end":{"line":66,"column":null}},"type":"cond-expr","locations":[{"start":{"line":66,"column":46},"end":{"line":66,"column":105}},{"start":{"line":66,"column":105},"end":{"line":66,"column":null}}],"line":66}},"s":{"0":16,"1":16,"2":16,"3":16,"4":16,"5":16,"6":16,"7":16,"8":4,"9":4,"10":16,"11":16,"12":16,"13":16,"14":16,"15":7,"16":16,"17":2,"18":2,"19":2,"20":4,"21":10,"22":4,"23":2,"24":2,"25":2,"26":0,"27":2,"28":4,"29":4},"f":{"0":6,"1":6,"2":16,"3":6,"4":16,"5":6,"6":6,"7":10},"b":{"0":[16,4],"1":[16,4],"2":[16,9,7],"3":[7,3],"4":[2,2],"5":[0,2],"6":[2,0],"7":[0,2],"8":[0,2],"9":[0,2]},"meta":{"lastBranch":10,"lastFunction":8,"lastStatement":30,"seen":{"f:5:17:5:35":0,"s:6:14:6:Infinity":0,"s:7:16:7:Infinity":1,"s:8:16:8:Infinity":2,"s:9:10:9:Infinity":3,"s:10:10:10:Infinity":4,"s:13:6:14:71":5,"s:15:14:15:60":6,"s:17:4:17:Infinity":7,"f:20:15:20:26":1,"s:21:64:21:Infinity":8,"s:23:4:36:Infinity":9,"f:23:25:23:33":2,"s:24:23:28:Infinity":10,"s:31:27:31:Infinity":11,"s:32:28:32:Infinity":12,"b:32:28:32:41:32:41:32:Infinity":0,"s:33:28:33:103":13,"b:33:28:33:52:33:52:33:103":1,"s:35:6:35:Infinity":14,"b:35:13:35:29:35:29:35:46:35:46:35:Infinity":2,"f:39:15:39:24":3,"s:40:4:40:Infinity":15,"b:40:11:40:59:40:63:40:Infinity":3,"f:40:25:40:31":4,"s:40:47:40:59":16,"f:43:15:43:22":5,"s:44:34:48:Infinity":17,"s:49:4:49:Infinity":18,"s:50:4:50:Infinity":19,"f:53:15:53:22":6,"s:54:18:54:71":20,"f:54:32:54:43":7,"s:54:59:54:71":21,"b:55:4:55:Infinity:undefined:undefined:undefined:undefined":4,"s:55:4:55:Infinity":22,"s:55:22:55:Infinity":23,"s:57:21:57:Infinity":24,"b:58:4:58:Infinity:undefined:undefined:undefined:undefined":5,"s:58:4:58:Infinity":25,"s:58:19:58:Infinity":26,"s:60:30:67:Infinity":27,"b:63:32:63:77:63:77:63:Infinity":6,"b:64:46:64:105:64:105:64:Infinity":7,"b:65:38:65:89:65:89:65:Infinity":8,"b:66:46:66:105:66:105:66:Infinity":9,"s:69:4:69:Infinity":28,"s:70:4:70:Infinity":29}}}
,"/home/crawd_user/project/famap/server/src/services/reviewService.ts": {"path":"/home/crawd_user/project/famap/server/src/services/reviewService.ts","statementMap":{"0":{"start":{"line":5,"column":37},"end":{"line":5,"column":53}},"1":{"start":{"line":8,"column":4},"end":{"line":9,"column":null}},"2":{"start":{"line":8,"column":38},"end":{"line":8,"column":66}},"3":{"start":{"line":9,"column":22},"end":{"line":9,"column":87}},"4":{"start":{"line":13,"column":30},"end":{"line":21,"column":null}},"5":{"start":{"line":23,"column":4},"end":{"line":24,"column":null}},"6":{"start":{"line":24,"column":6},"end":{"line":24,"column":null}},"7":{"start":{"line":27,"column":4},"end":{"line":27,"column":null}},"8":{"start":{"line":28,"column":4},"end":{"line":28,"column":null}}},"fnMap":{"0":{"name":"(anonymous_0)","decl":{"start":{"line":7,"column":15},"end":{"line":7,"column":32}},"loc":{"start":{"line":7,"column":71},"end":{"line":9,"column":null}},"line":7},"1":{"name":"(anonymous_1)","decl":{"start":{"line":8,"column":24},"end":{"line":8,"column":32}},"loc":{"start":{"line":8,"column":38},"end":{"line":8,"column":66}},"line":8},"2":{"name":"(anonymous_2)","decl":{"start":{"line":9,"column":7},"end":{"line":9,"column":13}},"loc":{"start":{"line":9,"column":22},"end":{"line":9,"column":87}},"line":9},"3":{"name":"(anonymous_3)","decl":{"start":{"line":12,"column":15},"end":{"line":12,"column":22}},"loc":{"start":{"line":12,"column":81},"end":{"line":28,"column":null}},"line":12}},"branchMap":{"0":{"loc":{"start":{"line":17,"column":16},"end":{"line":17,"column":null}},"type":"binary-expr","locations":[{"start":{"line":17,"column":16},"end":{"line":17,"column":32}},{"start":{"line":17,"column":32},"end":{"line":17,"column":null}}],"line":17},"1":{"loc":{"start":{"line":23,"column":4},"end":{"line":24,"column":null}},"type":"if","locations":[{"start":{"line":23,"column":4},"end":{"line":24,"column":null}},{"start":{},"end":{}}],"line":23}},"s":{"0":4,"1":2,"2":6,"3":1,"4":1,"5":1,"6":0,"7":1,"8":1},"f":{"0":4,"1":6,"2":1,"3":4},"b":{"0":[1,0],"1":[0,1]},"meta":{"lastBranch":2,"lastFunction":4,"lastStatement":9,"seen":{"s:5:37:5:53":0,"f:7:15:7:32":0,"s:8:4:9:Infinity":1,"f:8:24:8:32":1,"s:8:38:8:66":2,"f:9:7:9:13":2,"s:9:22:9:87":3,"f:12:15:12:22":3,"s:13:30:21:Infinity":4,"b:17:16:17:32:17:32:17:Infinity":0,"b:23:4:24:Infinity:undefined:undefined:undefined:undefined":1,"s:23:4:24:Infinity":5,"s:24:6:24:Infinity":6,"s:27:4:27:Infinity":7,"s:28:4:28:Infinity":8}}}
}
