{"/home/crawd_user/project/famap/client/src/App.tsx": {"path":"/home/crawd_user/project/famap/client/src/App.tsx","statementMap":{"0":{"start":{"line":15,"column":0},"end":{"line":15,"column":null}},"1":{"start":{"line":16,"column":0},"end":{"line":20,"column":null}},"2":{"start":{"line":23,"column":21},"end":{"line":23,"column":null}},"3":{"start":{"line":27,"column":8},"end":{"line":27,"column":22}},"4":{"start":{"line":28,"column":2},"end":{"line":30,"column":null}},"5":{"start":{"line":29,"column":4},"end":{"line":29,"column":null}},"6":{"start":{"line":31,"column":2},"end":{"line":31,"column":null}},"7":{"start":{"line":35,"column":33},"end":{"line":35,"column":55}},"8":{"start":{"line":36,"column":19},"end":{"line":36,"column":81}},"9":{"start":{"line":37,"column":20},"end":{"line":37,"column":60}},"10":{"start":{"line":38,"column":20},"end":{"line":38,"column":60}},"11":{"start":{"line":39,"column":24},"end":{"line":39,"column":59}},"12":{"start":{"line":40,"column":27},"end":{"line":40,"column":91}},"13":{"start":{"line":41,"column":23},"end":{"line":41,"column":57}},"14":{"start":{"line":42,"column":18},"end":{"line":42,"column":47}},"15":{"start":{"line":43,"column":27},"end":{"line":43,"column":81}},"16":{"start":{"line":44,"column":26},"end":{"line":44,"column":63}},"17":{"start":{"line":45,"column":18},"end":{"line":45,"column":54}},"18":{"start":{"line":47,"column":2},"end":{"line":67,"column":null}},"19":{"start":{"line":48,"column":27},"end":{"line":62,"column":null}},"20":{"start":{"line":49,"column":6},"end":{"line":49,"column":null}},"21":{"start":{"line":50,"column":6},"end":{"line":62,"column":null}},"22":{"start":{"line":51,"column":21},"end":{"line":57,"column":10}},"23":{"start":{"line":58,"column":8},"end":{"line":58,"column":null}},"24":{"start":{"line":60,"column":8},"end":{"line":60,"column":null}},"25":{"start":{"line":62,"column":8},"end":{"line":62,"column":null}},"26":{"start":{"line":66,"column":4},"end":{"line":66,"column":null}},"27":{"start":{"line":69,"column":2},"end":{"line":80,"column":null}},"28":{"start":{"line":70,"column":27},"end":{"line":75,"column":null}},"29":{"start":{"line":71,"column":6},"end":{"line":75,"column":null}},"30":{"start":{"line":72,"column":21},"end":{"line":72,"column":65}},"31":{"start":{"line":73,"column":8},"end":{"line":73,"column":null}},"32":{"start":{"line":75,"column":8},"end":{"line":75,"column":null}},"33":{"start":{"line":79,"column":4},"end":{"line":79,"column":null}},"34":{"start":{"line":82,"column":2},"end":{"line":97,"column":null}},"35":{"start":{"line":83,"column":25},"end":{"line":92,"column":null}},"36":{"start":{"line":84,"column":6},"end":{"line":92,"column":null}},"37":{"start":{"line":85,"column":8},"end":{"line":89,"column":null}},"38":{"start":{"line":86,"column":23},"end":{"line":86,"column":75}},"39":{"start":{"line":87,"column":10},"end":{"line":87,"column":null}},"40":{"start":{"line":89,"column":10},"end":{"line":89,"column":null}},"41":{"start":{"line":92,"column":8},"end":{"line":92,"column":null}},"42":{"start":{"line":96,"column":4},"end":{"line":96,"column":null}},"43":{"start":{"line":99,"column":8},"end":{"line":109,"column":null}},"44":{"start":{"line":100,"column":4},"end":{"line":109,"column":null}},"45":{"start":{"line":101,"column":6},"end":{"line":109,"column":null}},"46":{"start":{"line":103,"column":10},"end":{"line":103,"column":null}},"47":{"start":{"line":106,"column":10},"end":{"line":106,"column":null}},"48":{"start":{"line":107,"column":10},"end":{"line":107,"column":null}},"49":{"start":{"line":113,"column":27},"end":{"line":120,"column":null}},"50":{"start":{"line":114,"column":4},"end":{"line":114,"column":null}},"51":{"start":{"line":114,"column":27},"end":{"line":114,"column":null}},"52":{"start":{"line":115,"column":4},"end":{"line":120,"column":null}},"53":{"start":{"line":116,"column":24},"end":{"line":116,"column":78}},"54":{"start":{"line":117,"column":6},"end":{"line":117,"column":null}},"55":{"start":{"line":119,"column":6},"end":{"line":119,"column":null}},"56":{"start":{"line":120,"column":6},"end":{"line":120,"column":null}},"57":{"start":{"line":124,"column":31},"end":{"line":132,"column":null}},"58":{"start":{"line":125,"column":4},"end":{"line":132,"column":null}},"59":{"start":{"line":126,"column":26},"end":{"line":126,"column":63}},"60":{"start":{"line":127,"column":6},"end":{"line":127,"column":null}},"61":{"start":{"line":128,"column":6},"end":{"line":128,"column":null}},"62":{"start":{"line":129,"column":6},"end":{"line":129,"column":null}},"63":{"start":{"line":131,"column":6},"end":{"line":131,"column":null}},"64":{"start":{"line":132,"column":6},"end":{"line":132,"column":null}},"65":{"start":{"line":136,"column":25},"end":{"line":151,"column":null}},"66":{"start":{"line":137,"column":4},"end":{"line":137,"column":null}},"67":{"start":{"line":138,"column":24},"end":{"line":138,"column":64}},"68":{"start":{"line":138,"column":44},"end":{"line":138,"column":64}},"69":{"start":{"line":139,"column":4},"end":{"line":151,"column":null}},"70":{"start":{"line":140,"column":6},"end":{"line":147,"column":null}},"71":{"start":{"line":141,"column":8},"end":{"line":141,"column":null}},"72":{"start":{"line":142,"column":8},"end":{"line":142,"column":null}},"73":{"start":{"line":142,"column":43},"end":{"line":142,"column":63}},"74":{"start":{"line":144,"column":8},"end":{"line":144,"column":null}},"75":{"start":{"line":145,"column":25},"end":{"line":145,"column":106}},"76":{"start":{"line":145,"column":45},"end":{"line":145,"column":65}},"77":{"start":{"line":146,"column":8},"end":{"line":147,"column":null}},"78":{"start":{"line":147,"column":10},"end":{"line":147,"column":null}},"79":{"start":{"line":151,"column":6},"end":{"line":151,"column":null}},"80":{"start":{"line":155,"column":80},"end":{"line":161,"column":null}},"81":{"start":{"line":163,"column":2},"end":{"line":364,"column":null}},"82":{"start":{"line":174,"column":27},"end":{"line":174,"column":71}},"83":{"start":{"line":191,"column":33},"end":{"line":191,"column":58}},"84":{"start":{"line":199,"column":32},"end":{"line":199,"column":57}},"85":{"start":{"line":210,"column":72},"end":{"line":210,"column":101}},"86":{"start":{"line":211,"column":38},"end":{"line":211,"column":76}},"87":{"start":{"line":212,"column":54},"end":{"line":212,"column":83}},"88":{"start":{"line":214,"column":65},"end":{"line":214,"column":94}},"89":{"start":{"line":220,"column":33},"end":{"line":220,"column":58}},"90":{"start":{"line":235,"column":22},"end":{"line":235,"column":null}},"91":{"start":{"line":248,"column":33},"end":{"line":248,"column":56}},"92":{"start":{"line":255,"column":33},"end":{"line":255,"column":55}},"93":{"start":{"line":267,"column":37},"end":{"line":267,"column":67}},"94":{"start":{"line":275,"column":37},"end":{"line":275,"column":61}},"95":{"start":{"line":284,"column":22},"end":{"line":291,"column":null}},"96":{"start":{"line":287,"column":39},"end":{"line":287,"column":67}},"97":{"start":{"line":306,"column":20},"end":{"line":327,"column":null}},"98":{"start":{"line":310,"column":24},"end":{"line":310,"column":null}},"99":{"start":{"line":311,"column":24},"end":{"line":311,"column":null}},"100":{"start":{"line":317,"column":81},"end":{"line":317,"column":97}},"101":{"start":{"line":318,"column":42},"end":{"line":318,"column":67}},"102":{"start":{"line":319,"column":58},"end":{"line":319,"column":74}},"103":{"start":{"line":321,"column":69},"end":{"line":321,"column":85}},"104":{"start":{"line":343,"column":14},"end":{"line":361,"column":null}},"105":{"start":{"line":347,"column":31},"end":{"line":347,"column":55}},"106":{"start":{"line":356,"column":24},"end":{"line":356,"column":null}}},"fnMap":{"0":{"name":"MapUpdater","decl":{"start":{"line":26,"column":9},"end":{"line":26,"column":20}},"loc":{"start":{"line":26,"column":62},"end":{"line":31,"column":null}},"line":26},"1":{"name":"(anonymous_1)","decl":{"start":{"line":28,"column":2},"end":{"line":28,"column":18}},"loc":{"start":{"line":28,"column":18},"end":{"line":30,"column":6}},"line":28},"2":{"name":"App","decl":{"start":{"line":34,"column":9},"end":{"line":34,"column":15}},"loc":{"start":{"line":34,"column":15},"end":{"line":364,"column":null}},"line":34},"3":{"name":"(anonymous_3)","decl":{"start":{"line":47,"column":2},"end":{"line":47,"column":18}},"loc":{"start":{"line":47,"column":18},"end":{"line":67,"column":6}},"line":47},"4":{"name":"(anonymous_4)","decl":{"start":{"line":48,"column":27},"end":{"line":48,"column":39}},"loc":{"start":{"line":48,"column":39},"end":{"line":62,"column":null}},"line":48},"5":{"name":"(anonymous_5)","decl":{"start":{"line":69,"column":2},"end":{"line":69,"column":18}},"loc":{"start":{"line":69,"column":18},"end":{"line":80,"column":7}},"line":69},"6":{"name":"(anonymous_6)","decl":{"start":{"line":70,"column":27},"end":{"line":70,"column":39}},"loc":{"start":{"line":70,"column":39},"end":{"line":75,"column":null}},"line":70},"7":{"name":"(anonymous_7)","decl":{"start":{"line":82,"column":2},"end":{"line":82,"column":18}},"loc":{"start":{"line":82,"column":18},"end":{"line":97,"column":6}},"line":82},"8":{"name":"(anonymous_8)","decl":{"start":{"line":83,"column":25},"end":{"line":83,"column":37}},"loc":{"start":{"line":83,"column":37},"end":{"line":92,"column":null}},"line":83},"9":{"name":"(anonymous_9)","decl":{"start":{"line":99,"column":8},"end":{"line":99,"column":29}},"loc":{"start":{"line":99,"column":29},"end":{"line":109,"column":null}},"line":99},"10":{"name":"(anonymous_10)","decl":{"start":{"line":101,"column":28},"end":{"line":101,"column":null}},"loc":{"start":{"line":102,"column":17},"end":{"line":105,"column":17}},"line":102},"11":{"name":"(anonymous_11)","decl":{"start":{"line":105,"column":9},"end":{"line":105,"column":17}},"loc":{"start":{"line":105,"column":17},"end":{"line":109,"column":null}},"line":105},"12":{"name":"(anonymous_12)","decl":{"start":{"line":113,"column":27},"end":{"line":113,"column":34}},"loc":{"start":{"line":113,"column":65},"end":{"line":120,"column":null}},"line":113},"13":{"name":"(anonymous_13)","decl":{"start":{"line":124,"column":31},"end":{"line":124,"column":38}},"loc":{"start":{"line":124,"column":73},"end":{"line":132,"column":null}},"line":124},"14":{"name":"(anonymous_14)","decl":{"start":{"line":136,"column":25},"end":{"line":136,"column":32}},"loc":{"start":{"line":136,"column":76},"end":{"line":151,"column":null}},"line":136},"15":{"name":"(anonymous_15)","decl":{"start":{"line":138,"column":34},"end":{"line":138,"column":39}},"loc":{"start":{"line":138,"column":44},"end":{"line":138,"column":64}},"line":138},"16":{"name":"(anonymous_16)","decl":{"start":{"line":142,"column":31},"end":{"line":142,"column":38}},"loc":{"start":{"line":142,"column":43},"end":{"line":142,"column":63}},"line":142},"17":{"name":"(anonymous_17)","decl":{"start":{"line":145,"column":35},"end":{"line":145,"column":40}},"loc":{"start":{"line":145,"column":45},"end":{"line":145,"column":65}},"line":145},"18":{"name":"(anonymous_18)","decl":{"start":{"line":174,"column":12},"end":{"line":174,"column":27}},"loc":{"start":{"line":174,"column":27},"end":{"line":174,"column":71}},"line":174},"19":{"name":"(anonymous_19)","decl":{"start":{"line":191,"column":18},"end":{"line":191,"column":33}},"loc":{"start":{"line":191,"column":33},"end":{"line":191,"column":58}},"line":191},"20":{"name":"(anonymous_20)","decl":{"start":{"line":199,"column":16},"end":{"line":199,"column":32}},"loc":{"start":{"line":199,"column":32},"end":{"line":199,"column":57}},"line":199},"21":{"name":"(anonymous_21)","decl":{"start":{"line":210,"column":62},"end":{"line":210,"column":67}},"loc":{"start":{"line":210,"column":72},"end":{"line":210,"column":101}},"line":210},"22":{"name":"(anonymous_22)","decl":{"start":{"line":211,"column":22},"end":{"line":211,"column":32}},"loc":{"start":{"line":211,"column":38},"end":{"line":211,"column":76}},"line":211},"23":{"name":"(anonymous_23)","decl":{"start":{"line":212,"column":44},"end":{"line":212,"column":49}},"loc":{"start":{"line":212,"column":54},"end":{"line":212,"column":83}},"line":212},"24":{"name":"(anonymous_24)","decl":{"start":{"line":214,"column":55},"end":{"line":214,"column":60}},"loc":{"start":{"line":214,"column":65},"end":{"line":214,"column":94}},"line":214},"25":{"name":"(anonymous_25)","decl":{"start":{"line":220,"column":18},"end":{"line":220,"column":33}},"loc":{"start":{"line":220,"column":33},"end":{"line":220,"column":58}},"line":220},"26":{"name":"(anonymous_26)","decl":{"start":{"line":234,"column":49},"end":{"line":234,"column":53}},"loc":{"start":{"line":235,"column":22},"end":{"line":235,"column":null}},"line":235},"27":{"name":"(anonymous_27)","decl":{"start":{"line":248,"column":18},"end":{"line":248,"column":33}},"loc":{"start":{"line":248,"column":33},"end":{"line":248,"column":56}},"line":248},"28":{"name":"(anonymous_28)","decl":{"start":{"line":255,"column":18},"end":{"line":255,"column":33}},"loc":{"start":{"line":255,"column":33},"end":{"line":255,"column":55}},"line":255},"29":{"name":"(anonymous_29)","decl":{"start":{"line":267,"column":22},"end":{"line":267,"column":37}},"loc":{"start":{"line":267,"column":37},"end":{"line":267,"column":67}},"line":267},"30":{"name":"(anonymous_30)","decl":{"start":{"line":275,"column":22},"end":{"line":275,"column":37}},"loc":{"start":{"line":275,"column":37},"end":{"line":275,"column":61}},"line":275},"31":{"name":"(anonymous_31)","decl":{"start":{"line":283,"column":32},"end":{"line":283,"column":37}},"loc":{"start":{"line":284,"column":22},"end":{"line":291,"column":null}},"line":284},"32":{"name":"(anonymous_32)","decl":{"start":{"line":287,"column":24},"end":{"line":287,"column":39}},"loc":{"start":{"line":287,"column":39},"end":{"line":287,"column":67}},"line":287},"33":{"name":"(anonymous_33)","decl":{"start":{"line":305,"column":58},"end":{"line":305,"column":63}},"loc":{"start":{"line":306,"column":20},"end":{"line":327,"column":null}},"line":306},"34":{"name":"(anonymous_34)","decl":{"start":{"line":309,"column":22},"end":{"line":309,"column":37}},"loc":{"start":{"line":309,"column":37},"end":{"line":311,"column":null}},"line":309},"35":{"name":"(anonymous_35)","decl":{"start":{"line":317,"column":71},"end":{"line":317,"column":76}},"loc":{"start":{"line":317,"column":81},"end":{"line":317,"column":97}},"line":317},"36":{"name":"(anonymous_36)","decl":{"start":{"line":318,"column":26},"end":{"line":318,"column":36}},"loc":{"start":{"line":318,"column":42},"end":{"line":318,"column":67}},"line":318},"37":{"name":"(anonymous_37)","decl":{"start":{"line":319,"column":48},"end":{"line":319,"column":53}},"loc":{"start":{"line":319,"column":58},"end":{"line":319,"column":74}},"line":319},"38":{"name":"(anonymous_38)","decl":{"start":{"line":321,"column":59},"end":{"line":321,"column":64}},"loc":{"start":{"line":321,"column":69},"end":{"line":321,"column":85}},"line":321},"39":{"name":"(anonymous_39)","decl":{"start":{"line":342,"column":23},"end":{"line":342,"column":28}},"loc":{"start":{"line":343,"column":14},"end":{"line":361,"column":null}},"line":343},"40":{"name":"(anonymous_40)","decl":{"start":{"line":347,"column":18},"end":{"line":347,"column":31}},"loc":{"start":{"line":347,"column":31},"end":{"line":347,"column":55}},"line":347},"41":{"name":"(anonymous_41)","decl":{"start":{"line":355,"column":38},"end":{"line":355,"column":42}},"loc":{"start":{"line":356,"column":24},"end":{"line":356,"column":null}},"line":356}},"branchMap":{"0":{"loc":{"start":{"line":56,"column":31},"end":{"line":56,"column":null}},"type":"binary-expr","locations":[{"start":{"line":56,"column":31},"end":{"line":56,"column":47}},{"start":{"line":56,"column":47},"end":{"line":56,"column":null}}],"line":56},"1":{"loc":{"start":{"line":84,"column":6},"end":{"line":92,"column":null}},"type":"if","locations":[{"start":{"line":84,"column":6},"end":{"line":92,"column":null}},{"start":{"line":91,"column":13},"end":{"line":92,"column":null}}],"line":84},"2":{"loc":{"start":{"line":100,"column":4},"end":{"line":109,"column":null}},"type":"if","locations":[{"start":{"line":100,"column":4},"end":{"line":109,"column":null}},{"start":{},"end":{}}],"line":100},"3":{"loc":{"start":{"line":114,"column":4},"end":{"line":114,"column":null}},"type":"if","locations":[{"start":{"line":114,"column":4},"end":{"line":114,"column":null}},{"start":{},"end":{}}],"line":114},"4":{"loc":{"start":{"line":140,"column":6},"end":{"line":147,"column":null}},"type":"if","locations":[{"start":{"line":140,"column":6},"end":{"line":147,"column":null}},{"start":{"line":143,"column":13},"end":{"line":147,"column":null}}],"line":140},"5":{"loc":{"start":{"line":145,"column":25},"end":{"line":145,"column":106}},"type":"binary-expr","locations":[{"start":{"line":145,"column":25},"end":{"line":145,"column":65}},{"start":{"line":145,"column":69},"end":{"line":145,"column":106}}],"line":145},"6":{"loc":{"start":{"line":146,"column":8},"end":{"line":147,"column":null}},"type":"if","locations":[{"start":{"line":146,"column":8},"end":{"line":147,"column":null}},{"start":{},"end":{}}],"line":146},"7":{"loc":{"start":{"line":174,"column":39},"end":{"line":174,"column":71}},"type":"cond-expr","locations":[{"start":{"line":174,"column":59},"end":{"line":174,"column":66}},{"start":{"line":174,"column":66},"end":{"line":174,"column":71}}],"line":174},"8":{"loc":{"start":{"line":179,"column":41},"end":{"line":179,"column":79}},"type":"cond-expr","locations":[{"start":{"line":179,"column":61},"end":{"line":179,"column":68}},{"start":{"line":179,"column":68},"end":{"line":179,"column":79}}],"line":179},"9":{"loc":{"start":{"line":186,"column":11},"end":{"line":331,"column":null}},"type":"cond-expr","locations":[{"start":{"line":187,"column":12},"end":{"line":203,"column":null}},{"start":{"line":203,"column":14},"end":{"line":331,"column":null}}],"line":186},"10":{"loc":{"start":{"line":203,"column":14},"end":{"line":331,"column":null}},"type":"cond-expr","locations":[{"start":{"line":204,"column":12},"end":{"line":244,"column":null}},{"start":{"line":244,"column":12},"end":{"line":331,"column":null}}],"line":203},"11":{"loc":{"start":{"line":210,"column":52},"end":{"line":210,"column":null}},"type":"cond-expr","locations":[{"start":{"line":210,"column":104},"end":{"line":210,"column":115}},{"start":{"line":210,"column":115},"end":{"line":210,"column":null}}],"line":210},"12":{"loc":{"start":{"line":212,"column":34},"end":{"line":212,"column":null}},"type":"cond-expr","locations":[{"start":{"line":212,"column":86},"end":{"line":212,"column":117}},{"start":{"line":212,"column":117},"end":{"line":212,"column":null}}],"line":212},"13":{"loc":{"start":{"line":214,"column":45},"end":{"line":214,"column":124}},"type":"cond-expr","locations":[{"start":{"line":214,"column":97},"end":{"line":214,"column":114}},{"start":{"line":214,"column":114},"end":{"line":214,"column":124}}],"line":214},"14":{"loc":{"start":{"line":235,"column":54},"end":{"line":235,"column":111}},"type":"binary-expr","locations":[{"start":{"line":235,"column":54},"end":{"line":235,"column":102}},{"start":{"line":235,"column":102},"end":{"line":235,"column":111}}],"line":235},"15":{"loc":{"start":{"line":247,"column":43},"end":{"line":247,"column":null}},"type":"cond-expr","locations":[{"start":{"line":247,"column":60},"end":{"line":247,"column":71}},{"start":{"line":247,"column":71},"end":{"line":247,"column":null}}],"line":247},"16":{"loc":{"start":{"line":254,"column":43},"end":{"line":254,"column":null}},"type":"cond-expr","locations":[{"start":{"line":254,"column":59},"end":{"line":254,"column":70}},{"start":{"line":254,"column":70},"end":{"line":254,"column":null}}],"line":254},"17":{"loc":{"start":{"line":262,"column":15},"end":{"line":295,"column":null}},"type":"cond-expr","locations":[{"start":{"line":263,"column":16},"end":{"line":294,"column":null}},{"start":{"line":295,"column":18},"end":{"line":295,"column":null}}],"line":262},"18":{"loc":{"start":{"line":266,"column":48},"end":{"line":266,"column":null}},"type":"cond-expr","locations":[{"start":{"line":266,"column":63},"end":{"line":266,"column":74}},{"start":{"line":266,"column":74},"end":{"line":266,"column":null}}],"line":266},"19":{"loc":{"start":{"line":286,"column":52},"end":{"line":286,"column":null}},"type":"cond-expr","locations":[{"start":{"line":286,"column":83},"end":{"line":286,"column":94}},{"start":{"line":286,"column":94},"end":{"line":286,"column":null}}],"line":286},"20":{"loc":{"start":{"line":285,"column":29},"end":{"line":285,"column":null}},"type":"binary-expr","locations":[{"start":{"line":285,"column":29},"end":{"line":285,"column":40}},{"start":{"line":285,"column":40},"end":{"line":285,"column":null}}],"line":285},"21":{"loc":{"start":{"line":297,"column":15},"end":{"line":297,"column":null}},"type":"binary-expr","locations":[{"start":{"line":297,"column":15},"end":{"line":297,"column":26}},{"start":{"line":297,"column":26},"end":{"line":297,"column":null}}],"line":297},"22":{"loc":{"start":{"line":300,"column":18},"end":{"line":327,"column":null}},"type":"cond-expr","locations":[{"start":{"line":301,"column":18},"end":{"line":305,"column":35}},{"start":{"line":305,"column":19},"end":{"line":327,"column":null}}],"line":300},"23":{"loc":{"start":{"line":300,"column":18},"end":{"line":300,"column":57}},"type":"cond-expr","locations":[{"start":{"line":300,"column":34},"end":{"line":300,"column":46}},{"start":{"line":300,"column":46},"end":{"line":300,"column":57}}],"line":300},"24":{"loc":{"start":{"line":302,"column":24},"end":{"line":302,"column":84}},"type":"cond-expr","locations":[{"start":{"line":302,"column":40},"end":{"line":302,"column":63}},{"start":{"line":302,"column":63},"end":{"line":302,"column":84}}],"line":302},"25":{"loc":{"start":{"line":305,"column":19},"end":{"line":305,"column":58}},"type":"cond-expr","locations":[{"start":{"line":305,"column":35},"end":{"line":305,"column":47}},{"start":{"line":305,"column":47},"end":{"line":305,"column":58}}],"line":305},"26":{"loc":{"start":{"line":317,"column":61},"end":{"line":317,"column":null}},"type":"cond-expr","locations":[{"start":{"line":317,"column":100},"end":{"line":317,"column":111}},{"start":{"line":317,"column":111},"end":{"line":317,"column":null}}],"line":317},"27":{"loc":{"start":{"line":319,"column":38},"end":{"line":319,"column":null}},"type":"cond-expr","locations":[{"start":{"line":319,"column":77},"end":{"line":319,"column":108}},{"start":{"line":319,"column":108},"end":{"line":319,"column":null}}],"line":319},"28":{"loc":{"start":{"line":321,"column":49},"end":{"line":321,"column":115}},"type":"cond-expr","locations":[{"start":{"line":321,"column":88},"end":{"line":321,"column":105}},{"start":{"line":321,"column":105},"end":{"line":321,"column":115}}],"line":321},"29":{"loc":{"start":{"line":356,"column":56},"end":{"line":356,"column":113}},"type":"binary-expr","locations":[{"start":{"line":356,"column":56},"end":{"line":356,"column":104}},{"start":{"line":356,"column":104},"end":{"line":356,"column":113}}],"line":356}},"s":{"0":2,"1":2,"2":2,"3":66,"4":66,"5":66,"6":66,"7":69,"8":69,"9":69,"10":69,"11":69,"12":69,"13":69,"14":69,"15":69,"16":69,"17":69,"18":69,"19":23,"20":23,"21":23,"22":23,"23":23,"24":0,"25":23,"26":23,"27":69,"28":16,"29":16,"30":16,"31":16,"32":0,"33":16,"34":69,"35":22,"36":22,"37":5,"38":5,"39":5,"40":0,"41":17,"42":22,"43":69,"44":1,"45":1,"46":1,"47":0,"48":0,"49":69,"50":1,"51":0,"52":1,"53":1,"54":1,"55":0,"56":0,"57":69,"58":1,"59":1,"60":1,"61":1,"62":1,"63":0,"64":0,"65":69,"66":3,"67":3,"68":1,"69":3,"70":3,"71":1,"72":1,"73":1,"74":2,"75":2,"76":2,"77":0,"78":2,"79":0,"80":69,"81":69,"82":1,"83":1,"84":0,"85":0,"86":1,"87":0,"88":0,"89":1,"90":13,"91":0,"92":2,"93":1,"94":3,"95":245,"96":1,"97":9,"98":4,"99":4,"100":1,"101":2,"102":1,"103":1,"104":25,"105":0,"106":25},"f":{"0":66,"1":66,"2":69,"3":23,"4":23,"5":16,"6":16,"7":22,"8":22,"9":1,"10":1,"11":0,"12":1,"13":1,"14":3,"15":1,"16":1,"17":2,"18":1,"19":1,"20":0,"21":0,"22":1,"23":0,"24":0,"25":1,"26":13,"27":0,"28":2,"29":1,"30":3,"31":245,"32":1,"33":9,"34":4,"35":1,"36":2,"37":1,"38":1,"39":25,"40":0,"41":25},"b":{"0":[23,22],"1":[5,17],"2":[1,0],"3":[0,1],"4":[1,2],"5":[2,0],"6":[2,-2],"7":[1,0],"8":[68,1],"9":[4,65],"10":[13,52],"11":[0,13],"12":[0,13],"13":[0,13],"14":[13,0],"15":[49,3],"16":[3,49],"17":[49,3],"18":[2,47],"19":[49,196],"20":[245,49],"21":[52,28],"22":[43,9],"23":[3,49],"24":[3,40],"25":[0,9],"26":[1,8],"27":[1,8],"28":[1,8],"29":[25,0]},"meta":{"lastBranch":30,"lastFunction":42,"lastStatement":107,"seen":{"s:15:0:15:Infinity":0,"s:16:0:20:Infinity":1,"s:23:21:23:Infinity":2,"f:26:9:26:20":0,"s:27:8:27:22":3,"s:28:2:30:Infinity":4,"f:28:2:28:18":1,"s:29:4:29:Infinity":5,"s:31:2:31:Infinity":6,"f:34:9:34:15":2,"s:35:33:35:55":7,"s:36:19:36:81":8,"s:37:20:37:60":9,"s:38:20:38:60":10,"s:39:24:39:59":11,"s:40:27:40:91":12,"s:41:23:41:57":13,"s:42:18:42:47":14,"s:43:27:43:81":15,"s:44:26:44:63":16,"s:45:18:45:54":17,"s:47:2:67:Infinity":18,"f:47:2:47:18":3,"s:48:27:62:Infinity":19,"f:48:27:48:39":4,"s:49:6:49:Infinity":20,"s:50:6:62:Infinity":21,"s:51:21:57:10":22,"b:56:31:56:47:56:47:56:Infinity":0,"s:58:8:58:Infinity":23,"s:60:8:60:Infinity":24,"s:62:8:62:Infinity":25,"s:66:4:66:Infinity":26,"s:69:2:80:Infinity":27,"f:69:2:69:18":5,"s:70:27:75:Infinity":28,"f:70:27:70:39":6,"s:71:6:75:Infinity":29,"s:72:21:72:65":30,"s:73:8:73:Infinity":31,"s:75:8:75:Infinity":32,"s:79:4:79:Infinity":33,"s:82:2:97:Infinity":34,"f:82:2:82:18":7,"s:83:25:92:Infinity":35,"f:83:25:83:37":8,"b:84:6:92:Infinity:91:13:92:Infinity":1,"s:84:6:92:Infinity":36,"s:85:8:89:Infinity":37,"s:86:23:86:75":38,"s:87:10:87:Infinity":39,"s:89:10:89:Infinity":40,"s:92:8:92:Infinity":41,"s:96:4:96:Infinity":42,"s:99:8:109:Infinity":43,"f:99:8:99:29":9,"b:100:4:109:Infinity:undefined:undefined:undefined:undefined":2,"s:100:4:109:Infinity":44,"s:101:6:109:Infinity":45,"f:101:28:101:Infinity":10,"s:103:10:103:Infinity":46,"f:105:9:105:17":11,"s:106:10:106:Infinity":47,"s:107:10:107:Infinity":48,"s:113:27:120:Infinity":49,"f:113:27:113:34":12,"b:114:4:114:Infinity:undefined:undefined:undefined:undefined":3,"s:114:4:114:Infinity":50,"s:114:27:114:Infinity":51,"s:115:4:120:Infinity":52,"s:116:24:116:78":53,"s:117:6:117:Infinity":54,"s:119:6:119:Infinity":55,"s:120:6:120:Infinity":56,"s:124:31:132:Infinity":57,"f:124:31:124:38":13,"s:125:4:132:Infinity":58,"s:126:26:126:63":59,"s:127:6:127:Infinity":60,"s:128:6:128:Infinity":61,"s:129:6:129:Infinity":62,"s:131:6:131:Infinity":63,"s:132:6:132:Infinity":64,"s:136:25:151:Infinity":65,"f:136:25:136:32":14,"s:137:4:137:Infinity":66,"s:138:24:138:64":67,"f:138:34:138:39":15,"s:138:44:138:64":68,"s:139:4:151:Infinity":69,"b:140:6:147:Infinity:143:13:147:Infinity":4,"s:140:6:147:Infinity":70,"s:141:8:141:Infinity":71,"s:142:8:142:Infinity":72,"f:142:31:142:38":16,"s:142:43:142:63":73,"s:144:8:144:Infinity":74,"s:145:25:145:106":75,"b:145:25:145:65:145:69:145:106":5,"f:145:35:145:40":17,"s:145:45:145:65":76,"b:146:8:147:Infinity:undefined:undefined:undefined:undefined":6,"s:146:8:147:Infinity":77,"s:147:10:147:Infinity":78,"s:151:6:151:Infinity":79,"s:155:80:161:Infinity":80,"s:163:2:364:Infinity":81,"f:174:12:174:27":18,"s:174:27:174:71":82,"b:174:59:174:66:174:66:174:71":7,"b:179:61:179:68:179:68:179:79":8,"b:187:12:203:Infinity:203:14:331:Infinity":9,"f:191:18:191:33":19,"s:191:33:191:58":83,"f:199:16:199:32":20,"s:199:32:199:57":84,"b:204:12:244:Infinity:244:12:331:Infinity":10,"b:210:104:210:115:210:115:210:Infinity":11,"f:210:62:210:67":21,"s:210:72:210:101":85,"f:211:22:211:32":22,"s:211:38:211:76":86,"b:212:86:212:117:212:117:212:Infinity":12,"f:212:44:212:49":23,"s:212:54:212:83":87,"b:214:97:214:114:214:114:214:124":13,"f:214:55:214:60":24,"s:214:65:214:94":88,"f:220:18:220:33":25,"s:220:33:220:58":89,"f:234:49:234:53":26,"s:235:22:235:Infinity":90,"b:235:54:235:102:235:102:235:111":14,"b:247:60:247:71:247:71:247:Infinity":15,"f:248:18:248:33":27,"s:248:33:248:56":91,"b:254:59:254:70:254:70:254:Infinity":16,"f:255:18:255:33":28,"s:255:33:255:55":92,"b:263:16:294:Infinity:295:18:295:Infinity":17,"b:266:63:266:74:266:74:266:Infinity":18,"f:267:22:267:37":29,"s:267:37:267:67":93,"f:275:22:275:37":30,"s:275:37:275:61":94,"f:283:32:283:37":31,"s:284:22:291:Infinity":95,"b:286:83:286:94:286:94:286:Infinity":19,"f:287:24:287:39":32,"s:287:39:287:67":96,"b:285:29:285:40:285:40:285:Infinity":20,"b:297:15:297:26:297:26:297:Infinity":21,"b:301:18:305:35:305:19:327:Infinity":22,"b:300:34:300:46:300:46:300:57":23,"b:302:40:302:63:302:63:302:84":24,"b:305:35:305:47:305:47:305:58":25,"f:305:58:305:63":33,"s:306:20:327:Infinity":97,"f:309:22:309:37":34,"s:310:24:310:Infinity":98,"s:311:24:311:Infinity":99,"b:317:100:317:111:317:111:317:Infinity":26,"f:317:71:317:76":35,"s:317:81:317:97":100,"f:318:26:318:36":36,"s:318:42:318:67":101,"b:319:77:319:108:319:108:319:Infinity":27,"f:319:48:319:53":37,"s:319:58:319:74":102,"b:321:88:321:105:321:105:321:115":28,"f:321:59:321:64":38,"s:321:69:321:85":103,"f:342:23:342:28":39,"s:343:14:361:Infinity":104,"f:347:18:347:31":40,"s:347:31:347:55":105,"f:355:38:355:42":41,"s:356:24:356:Infinity":106,"b:356:56:356:104:356:104:356:113":29}}}
,"/home/crawd_user/project/famap/client/src/components/LocationForm.tsx": {"path":"/home/crawd_user/project/famap/client/src/components/LocationForm.tsx","statementMap":{"0":{"start":{"line":11,"column":13},"end":{"line":145,"column":null}},"1":{"start":{"line":12,"column":10},"end":{"line":12,"column":32}},"2":{"start":{"line":13,"column":19},"end":{"line":20,"column":4}},"3":{"start":{"line":21,"column":18},"end":{"line":21,"column":47}},"4":{"start":{"line":23,"column":23},"end":{"line":31,"column":null}},"5":{"start":{"line":24,"column":4},"end":{"line":24,"column":null}},"6":{"start":{"line":25,"column":4},"end":{"line":25,"column":null}},"7":{"start":{"line":26,"column":4},"end":{"line":31,"column":null}},"8":{"start":{"line":27,"column":6},"end":{"line":27,"column":null}},"9":{"start":{"line":29,"column":6},"end":{"line":29,"column":null}},"10":{"start":{"line":31,"column":6},"end":{"line":31,"column":null}},"11":{"start":{"line":35,"column":8},"end":{"line":41,"column":null}},"12":{"start":{"line":36,"column":4},"end":{"line":41,"column":null}},"13":{"start":{"line":36,"column":25},"end":{"line":41,"column":7}},"14":{"start":{"line":39,"column":38},"end":{"line":39,"column":53}},"15":{"start":{"line":44,"column":33},"end":{"line":44,"column":null}},"16":{"start":{"line":45,"column":27},"end":{"line":45,"column":null}},"17":{"start":{"line":47,"column":2},"end":{"line":145,"column":null}},"18":{"start":{"line":57,"column":29},"end":{"line":57,"column":105}},"19":{"start":{"line":68,"column":29},"end":{"line":68,"column":105}},"20":{"start":{"line":78,"column":29},"end":{"line":78,"column":95}},"21":{"start":{"line":81,"column":16},"end":{"line":81,"column":null}},"22":{"start":{"line":92,"column":29},"end":{"line":92,"column":111}},"23":{"start":{"line":103,"column":29},"end":{"line":103,"column":111}},"24":{"start":{"line":113,"column":29},"end":{"line":113,"column":null}},"25":{"start":{"line":122,"column":29},"end":{"line":122,"column":null}},"26":{"start":{"line":130,"column":14},"end":{"line":137,"column":null}},"27":{"start":{"line":134,"column":34},"end":{"line":134,"column":null}}},"fnMap":{"0":{"name":"(anonymous_0)","decl":{"start":{"line":11,"column":13},"end":{"line":11,"column":58}},"loc":{"start":{"line":11,"column":105},"end":{"line":145,"column":null}},"line":11},"1":{"name":"(anonymous_1)","decl":{"start":{"line":23,"column":23},"end":{"line":23,"column":30}},"loc":{"start":{"line":23,"column":53},"end":{"line":31,"column":null}},"line":23},"2":{"name":"(anonymous_2)","decl":{"start":{"line":35,"column":8},"end":{"line":35,"column":26}},"loc":{"start":{"line":35,"column":47},"end":{"line":41,"column":null}},"line":35},"3":{"name":"(anonymous_3)","decl":{"start":{"line":36,"column":4},"end":{"line":36,"column":16}},"loc":{"start":{"line":36,"column":25},"end":{"line":41,"column":7}},"line":36},"4":{"name":"(anonymous_4)","decl":{"start":{"line":39,"column":26},"end":{"line":39,"column":33}},"loc":{"start":{"line":39,"column":38},"end":{"line":39,"column":53}},"line":39},"5":{"name":"(anonymous_5)","decl":{"start":{"line":57,"column":14},"end":{"line":57,"column":24}},"loc":{"start":{"line":57,"column":29},"end":{"line":57,"column":105}},"line":57},"6":{"name":"(anonymous_6)","decl":{"start":{"line":68,"column":14},"end":{"line":68,"column":24}},"loc":{"start":{"line":68,"column":29},"end":{"line":68,"column":105}},"line":68},"7":{"name":"(anonymous_7)","decl":{"start":{"line":78,"column":14},"end":{"line":78,"column":24}},"loc":{"start":{"line":78,"column":29},"end":{"line":78,"column":95}},"line":78},"8":{"name":"(anonymous_8)","decl":{"start":{"line":80,"column":26},"end":{"line":80,"column":30}},"loc":{"start":{"line":81,"column":16},"end":{"line":81,"column":null}},"line":81},"9":{"name":"(anonymous_9)","decl":{"start":{"line":92,"column":14},"end":{"line":92,"column":24}},"loc":{"start":{"line":92,"column":29},"end":{"line":92,"column":111}},"line":92},"10":{"name":"(anonymous_10)","decl":{"start":{"line":103,"column":14},"end":{"line":103,"column":24}},"loc":{"start":{"line":103,"column":29},"end":{"line":103,"column":111}},"line":103},"11":{"name":"(anonymous_11)","decl":{"start":{"line":113,"column":14},"end":{"line":113,"column":24}},"loc":{"start":{"line":113,"column":29},"end":{"line":113,"column":null}},"line":113},"12":{"name":"(anonymous_12)","decl":{"start":{"line":122,"column":14},"end":{"line":122,"column":24}},"loc":{"start":{"line":122,"column":29},"end":{"line":122,"column":null}},"line":122},"13":{"name":"(anonymous_13)","decl":{"start":{"line":129,"column":30},"end":{"line":129,"column":34}},"loc":{"start":{"line":130,"column":14},"end":{"line":137,"column":null}},"line":130},"14":{"name":"(anonymous_14)","decl":{"start":{"line":134,"column":18},"end":{"line":134,"column":34}},"loc":{"start":{"line":134,"column":34},"end":{"line":134,"column":null}},"line":134}},"branchMap":{"0":{"loc":{"start":{"line":17,"column":17},"end":{"line":17,"column":null}},"type":"binary-expr","locations":[{"start":{"line":17,"column":17},"end":{"line":17,"column":39}},{"start":{"line":17,"column":39},"end":{"line":17,"column":null}}],"line":17},"1":{"loc":{"start":{"line":38,"column":18},"end":{"line":40,"column":null}},"type":"cond-expr","locations":[{"start":{"line":39,"column":10},"end":{"line":39,"column":53}},{"start":{"line":40,"column":10},"end":{"line":40,"column":null}}],"line":38},"2":{"loc":{"start":{"line":136,"column":17},"end":{"line":136,"column":null}},"type":"binary-expr","locations":[{"start":{"line":136,"column":17},"end":{"line":136,"column":65}},{"start":{"line":136,"column":65},"end":{"line":136,"column":null}}],"line":136},"3":{"loc":{"start":{"line":144,"column":13},"end":{"line":144,"column":null}},"type":"cond-expr","locations":[{"start":{"line":144,"column":23},"end":{"line":144,"column":42}},{"start":{"line":144,"column":42},"end":{"line":144,"column":null}}],"line":144}},"s":{"0":3,"1":21,"2":21,"3":21,"4":21,"5":2,"6":2,"7":2,"8":2,"9":0,"10":2,"11":21,"12":1,"13":1,"14":0,"15":21,"16":21,"17":21,"18":2,"19":2,"20":0,"21":84,"22":2,"23":2,"24":1,"25":1,"26":84,"27":1},"f":{"0":21,"1":2,"2":1,"3":1,"4":0,"5":2,"6":2,"7":0,"8":84,"9":2,"10":2,"11":1,"12":1,"13":84,"14":1},"b":{"0":[21,12],"1":[0,1],"2":[84,0],"3":[2,19]},"meta":{"lastBranch":4,"lastFunction":15,"lastStatement":28,"seen":{"s:11:13:145:Infinity":0,"f:11:13:11:58":0,"s:12:10:12:32":1,"s:13:19:20:4":2,"b:17:17:17:39:17:39:17:Infinity":0,"s:21:18:21:47":3,"s:23:23:31:Infinity":4,"f:23:23:23:30":1,"s:24:4:24:Infinity":5,"s:25:4:25:Infinity":6,"s:26:4:31:Infinity":7,"s:27:6:27:Infinity":8,"s:29:6:29:Infinity":9,"s:31:6:31:Infinity":10,"s:35:8:41:Infinity":11,"f:35:8:35:26":2,"s:36:4:41:Infinity":12,"f:36:4:36:16":3,"s:36:25:41:7":13,"b:39:10:39:53:40:10:40:Infinity":1,"f:39:26:39:33":4,"s:39:38:39:53":14,"s:44:33:44:Infinity":15,"s:45:27:45:Infinity":16,"s:47:2:145:Infinity":17,"f:57:14:57:24":5,"s:57:29:57:105":18,"f:68:14:68:24":6,"s:68:29:68:105":19,"f:78:14:78:24":7,"s:78:29:78:95":20,"f:80:26:80:30":8,"s:81:16:81:Infinity":21,"f:92:14:92:24":9,"s:92:29:92:111":22,"f:103:14:103:24":10,"s:103:29:103:111":23,"f:113:14:113:24":11,"s:113:29:113:Infinity":24,"f:122:14:122:24":12,"s:122:29:122:Infinity":25,"f:129:30:129:34":13,"s:130:14:137:Infinity":26,"f:134:18:134:34":14,"s:134:34:134:Infinity":27,"b:136:17:136:65:136:65:136:Infinity":2,"b:144:23:144:42:144:42:144:Infinity":3}}}
,"/home/crawd_user/project/famap/client/src/components/ReviewForm.tsx": {"path":"/home/crawd_user/project/famap/client/src/components/ReviewForm.tsx","statementMap":{"0":{"start":{"line":9,"column":13},"end":{"line":71,"column":null}},"1":{"start":{"line":10,"column":10},"end":{"line":10,"column":32}},"2":{"start":{"line":11,"column":17},"end":{"line":11,"column":41}},"3":{"start":{"line":12,"column":18},"end":{"line":12,"column":44}},"4":{"start":{"line":13,"column":19},"end":{"line":13,"column":46}},"5":{"start":{"line":14,"column":21},"end":{"line":14,"column":53}},"6":{"start":{"line":16,"column":23},"end":{"line":29,"column":null}},"7":{"start":{"line":17,"column":4},"end":{"line":17,"column":null}},"8":{"start":{"line":18,"column":4},"end":{"line":18,"column":null}},"9":{"start":{"line":18,"column":31},"end":{"line":18,"column":null}},"10":{"start":{"line":20,"column":4},"end":{"line":20,"column":null}},"11":{"start":{"line":21,"column":4},"end":{"line":29,"column":null}},"12":{"start":{"line":22,"column":6},"end":{"line":22,"column":null}},"13":{"start":{"line":23,"column":6},"end":{"line":23,"column":null}},"14":{"start":{"line":24,"column":6},"end":{"line":24,"column":null}},"15":{"start":{"line":25,"column":6},"end":{"line":25,"column":null}},"16":{"start":{"line":27,"column":6},"end":{"line":27,"column":null}},"17":{"start":{"line":29,"column":6},"end":{"line":29,"column":null}},"18":{"start":{"line":33,"column":2},"end":{"line":71,"column":null}},"19":{"start":{"line":42,"column":29},"end":{"line":42,"column":56}},"20":{"start":{"line":51,"column":50},"end":{"line":51,"column":83}},"21":{"start":{"line":53,"column":14},"end":{"line":53,"column":null}},"22":{"start":{"line":63,"column":29},"end":{"line":63,"column":55}}},"fnMap":{"0":{"name":"(anonymous_0)","decl":{"start":{"line":9,"column":13},"end":{"line":9,"column":54}},"loc":{"start":{"line":9,"column":71},"end":{"line":71,"column":null}},"line":9},"1":{"name":"(anonymous_1)","decl":{"start":{"line":16,"column":23},"end":{"line":16,"column":30}},"loc":{"start":{"line":16,"column":53},"end":{"line":29,"column":null}},"line":16},"2":{"name":"(anonymous_2)","decl":{"start":{"line":42,"column":12},"end":{"line":42,"column":23}},"loc":{"start":{"line":42,"column":29},"end":{"line":42,"column":56}},"line":42},"3":{"name":"(anonymous_3)","decl":{"start":{"line":51,"column":33},"end":{"line":51,"column":44}},"loc":{"start":{"line":51,"column":50},"end":{"line":51,"column":83}},"line":51},"4":{"name":"(anonymous_4)","decl":{"start":{"line":52,"column":29},"end":{"line":52,"column":33}},"loc":{"start":{"line":53,"column":14},"end":{"line":53,"column":null}},"line":53},"5":{"name":"(anonymous_5)","decl":{"start":{"line":63,"column":12},"end":{"line":63,"column":23}},"loc":{"start":{"line":63,"column":29},"end":{"line":63,"column":55}},"line":63}},"branchMap":{"0":{"loc":{"start":{"line":18,"column":4},"end":{"line":18,"column":null}},"type":"if","locations":[{"start":{"line":18,"column":4},"end":{"line":18,"column":null}},{"start":{},"end":{}}],"line":18},"1":{"loc":{"start":{"line":18,"column":8},"end":{"line":18,"column":31}},"type":"binary-expr","locations":[{"start":{"line":18,"column":8},"end":{"line":18,"column":20}},{"start":{"line":18,"column":20},"end":{"line":18,"column":31}}],"line":18},"2":{"loc":{"start":{"line":70,"column":9},"end":{"line":70,"column":null}},"type":"cond-expr","locations":[{"start":{"line":70,"column":22},"end":{"line":70,"column":41}},{"start":{"line":70,"column":41},"end":{"line":70,"column":null}}],"line":70}},"s":{"0":3,"1":29,"2":29,"3":29,"4":29,"5":29,"6":29,"7":3,"8":3,"9":0,"10":3,"11":3,"12":3,"13":2,"14":2,"15":2,"16":1,"17":3,"18":29,"19":3,"20":1,"21":145,"22":3},"f":{"0":29,"1":3,"2":3,"3":1,"4":145,"5":3},"b":{"0":[0,3],"1":[3,3],"2":[3,26]},"meta":{"lastBranch":3,"lastFunction":6,"lastStatement":23,"seen":{"s:9:13:71:Infinity":0,"f:9:13:9:54":0,"s:10:10:10:32":1,"s:11:17:11:41":2,"s:12:18:12:44":3,"s:13:19:13:46":4,"s:14:21:14:53":5,"s:16:23:29:Infinity":6,"f:16:23:16:30":1,"s:17:4:17:Infinity":7,"b:18:4:18:Infinity:undefined:undefined:undefined:undefined":0,"s:18:4:18:Infinity":8,"b:18:8:18:20:18:20:18:31":1,"s:18:31:18:Infinity":9,"s:20:4:20:Infinity":10,"s:21:4:29:Infinity":11,"s:22:6:22:Infinity":12,"s:23:6:23:Infinity":13,"s:24:6:24:Infinity":14,"s:25:6:25:Infinity":15,"s:27:6:27:Infinity":16,"s:29:6:29:Infinity":17,"s:33:2:71:Infinity":18,"f:42:12:42:23":2,"s:42:29:42:56":19,"f:51:33:51:44":3,"s:51:50:51:83":20,"f:52:29:52:33":4,"s:53:14:53:Infinity":21,"f:63:12:63:23":5,"s:63:29:63:55":22,"b:70:22:70:41:70:41:70:Infinity":2}}}
,"/home/crawd_user/project/famap/client/src/components/ReviewList.tsx": {"path":"/home/crawd_user/project/famap/client/src/components/ReviewList.tsx","statementMap":{"0":{"start":{"line":9,"column":13},"end":{"line":28,"column":null}},"1":{"start":{"line":10,"column":10},"end":{"line":10,"column":32}},"2":{"start":{"line":12,"column":2},"end":{"line":13,"column":null}},"3":{"start":{"line":13,"column":4},"end":{"line":13,"column":null}},"4":{"start":{"line":16,"column":2},"end":{"line":28,"column":null}},"5":{"start":{"line":20,"column":8},"end":{"line":27,"column":null}}},"fnMap":{"0":{"name":"(anonymous_0)","decl":{"start":{"line":9,"column":13},"end":{"line":9,"column":54}},"loc":{"start":{"line":9,"column":70},"end":{"line":28,"column":null}},"line":9},"1":{"name":"(anonymous_1)","decl":{"start":{"line":19,"column":15},"end":{"line":19,"column":20}},"loc":{"start":{"line":20,"column":8},"end":{"line":27,"column":null}},"line":20}},"branchMap":{"0":{"loc":{"start":{"line":12,"column":2},"end":{"line":13,"column":null}},"type":"if","locations":[{"start":{"line":12,"column":2},"end":{"line":13,"column":null}},{"start":{},"end":{}}],"line":12}},"s":{"0":3,"1":15,"2":15,"3":13,"4":2,"5":3},"f":{"0":15,"1":3},"b":{"0":[13,2]},"meta":{"lastBranch":1,"lastFunction":2,"lastStatement":6,"seen":{"s:9:13:28:Infinity":0,"f:9:13:9:54":0,"s:10:10:10:32":1,"b:12:2:13:Infinity:undefined:undefined:undefined:undefined":0,"s:12:2:13:Infinity":2,"s:13:4:13:Infinity":3,"s:16:2:28:Infinity":4,"f:19:15:19:20":1,"s:20:8:27:Infinity":5}}}
,"/home/crawd_user/project/famap/client/src/i18n/LanguageContext.tsx": {"path":"/home/crawd_user/project/famap/client/src/i18n/LanguageContext.tsx","statementMap":{"0":{"start":{"line":11,"column":6},"end":{"line":11,"column":81}},"1":{"start":{"line":13,"column":13},"end":{"line":21,"column":null}},"2":{"start":{"line":14,"column":19},"end":{"line":14,"column":58}},"3":{"start":{"line":16,"column":12},"end":{"line":16,"column":null}},"4":{"start":{"line":18,"column":2},"end":{"line":21,"column":null}},"5":{"start":{"line":25,"column":13},"end":{"line":30,"column":null}},"6":{"start":{"line":26,"column":8},"end":{"line":26,"column":45}},"7":{"start":{"line":27,"column":2},"end":{"line":28,"column":null}},"8":{"start":{"line":28,"column":4},"end":{"line":28,"column":null}},"9":{"start":{"line":30,"column":2},"end":{"line":30,"column":null}}},"fnMap":{"0":{"name":"(anonymous_0)","decl":{"start":{"line":13,"column":13},"end":{"line":13,"column":68}},"loc":{"start":{"line":13,"column":85},"end":{"line":21,"column":null}},"line":13},"1":{"name":"(anonymous_1)","decl":{"start":{"line":25,"column":13},"end":{"line":25,"column":36}},"loc":{"start":{"line":25,"column":36},"end":{"line":30,"column":null}},"line":25}},"branchMap":{"0":{"loc":{"start":{"line":27,"column":2},"end":{"line":28,"column":null}},"type":"if","locations":[{"start":{"line":27,"column":2},"end":{"line":28,"column":null}},{"start":{},"end":{}}],"line":27}},"s":{"0":6,"1":6,"2":29,"3":29,"4":29,"5":6,"6":140,"7":140,"8":2,"9":137},"f":{"0":29,"1":140},"b":{"0":[2,138]},"meta":{"lastBranch":1,"lastFunction":2,"lastStatement":10,"seen":{"s:11:6:11:81":0,"s:13:13:21:Infinity":1,"f:13:13:13:68":0,"s:14:19:14:58":2,"s:16:12:16:Infinity":3,"s:18:2:21:Infinity":4,"s:25:13:30:Infinity":5,"f:25:13:25:36":1,"s:26:8:26:45":6,"b:27:2:28:Infinity:undefined:undefined:undefined:undefined":0,"s:27:2:28:Infinity":7,"s:28:4:28:Infinity":8,"s:30:2:30:Infinity":9}}}
,"/home/crawd_user/project/famap/client/src/i18n/index.ts": {"path":"/home/crawd_user/project/famap/client/src/i18n/index.ts","statementMap":{"0":{"start":{"line":1,"column":28},"end":{"line":108,"column":null}}},"fnMap":{},"branchMap":{},"s":{"0":6},"f":{},"b":{},"meta":{"lastBranch":0,"lastFunction":0,"lastStatement":1,"seen":{"s:1:28:108:Infinity":0}}}
,"/home/crawd_user/project/famap/client/src/services/api.ts": {"path":"/home/crawd_user/project/famap/client/src/services/api.ts","statementMap":{"0":{"start":{"line":4,"column":21},"end":{"line":4,"column":null}},"1":{"start":{"line":6,"column":12},"end":{"line":8,"column":2}},"2":{"start":{"line":10,"column":27},"end":{"line":23,"column":null}},"3":{"start":{"line":12,"column":21},"end":{"line":12,"column":72}},"4":{"start":{"line":13,"column":4},"end":{"line":13,"column":null}},"5":{"start":{"line":16,"column":21},"end":{"line":16,"column":64}},"6":{"start":{"line":17,"column":4},"end":{"line":17,"column":null}},"7":{"start":{"line":20,"column":21},"end":{"line":20,"column":69}},"8":{"start":{"line":21,"column":4},"end":{"line":21,"column":null}},"9":{"start":{"line":25,"column":25},"end":{"line":34,"column":null}},"10":{"start":{"line":27,"column":21},"end":{"line":27,"column":80}},"11":{"start":{"line":28,"column":4},"end":{"line":28,"column":null}},"12":{"start":{"line":31,"column":21},"end":{"line":31,"column":87}},"13":{"start":{"line":32,"column":4},"end":{"line":32,"column":null}},"14":{"start":{"line":36,"column":27},"end":{"line":52,"column":null}},"15":{"start":{"line":38,"column":21},"end":{"line":38,"column":84}},"16":{"start":{"line":39,"column":4},"end":{"line":39,"column":null}},"17":{"start":{"line":42,"column":21},"end":{"line":42,"column":73}},"18":{"start":{"line":43,"column":4},"end":{"line":43,"column":null}},"19":{"start":{"line":46,"column":4},"end":{"line":46,"column":null}},"20":{"start":{"line":49,"column":21},"end":{"line":49,"column":116}},"21":{"start":{"line":50,"column":4},"end":{"line":50,"column":null}}},"fnMap":{"0":{"name":"(anonymous_0)","decl":{"start":{"line":11,"column":13},"end":{"line":11,"column":20}},"loc":{"start":{"line":11,"column":66},"end":{"line":13,"column":null}},"line":11},"1":{"name":"(anonymous_1)","decl":{"start":{"line":15,"column":11},"end":{"line":15,"column":18}},"loc":{"start":{"line":15,"column":52},"end":{"line":17,"column":null}},"line":15},"2":{"name":"(anonymous_2)","decl":{"start":{"line":19,"column":10},"end":{"line":19,"column":17}},"loc":{"start":{"line":19,"column":68},"end":{"line":21,"column":null}},"line":19},"3":{"name":"(anonymous_3)","decl":{"start":{"line":26,"column":19},"end":{"line":26,"column":26}},"loc":{"start":{"line":26,"column":68},"end":{"line":28,"column":null}},"line":26},"4":{"name":"(anonymous_4)","decl":{"start":{"line":30,"column":10},"end":{"line":30,"column":17}},"loc":{"start":{"line":30,"column":82},"end":{"line":32,"column":null}},"line":30},"5":{"name":"(anonymous_5)","decl":{"start":{"line":37,"column":16},"end":{"line":37,"column":23}},"loc":{"start":{"line":37,"column":63},"end":{"line":39,"column":null}},"line":37},"6":{"name":"(anonymous_6)","decl":{"start":{"line":41,"column":7},"end":{"line":41,"column":14}},"loc":{"start":{"line":41,"column":67},"end":{"line":43,"column":null}},"line":41},"7":{"name":"(anonymous_7)","decl":{"start":{"line":45,"column":10},"end":{"line":45,"column":17}},"loc":{"start":{"line":45,"column":71},"end":{"line":46,"column":null}},"line":45},"8":{"name":"(anonymous_8)","decl":{"start":{"line":48,"column":9},"end":{"line":48,"column":16}},"loc":{"start":{"line":48,"column":73},"end":{"line":50,"column":null}},"line":48}},"branchMap":{"0":{"loc":{"start":{"line":4,"column":21},"end":{"line":4,"column":null}},"type":"binary-expr","locations":[{"start":{"line":4,"column":21},"end":{"line":4,"column":53}},{"start":{"line":4,"column":53},"end":{"line":4,"column":null}}],"line":4}},"s":{"0":2,"1":2,"2":2,"3":9,"4":9,"5":1,"6":1,"7":1,"8":1,"9":2,"10":1,"11":1,"12":1,"13":1,"14":2,"15":7,"16":7,"17":1,"18":1,"19":1,"20":1,"21":1},"f":{"0":9,"1":1,"2":1,"3":1,"4":1,"5":7,"6":1,"7":1,"8":1},"b":{"0":[2,2]},"meta":{"lastBranch":1,"lastFunction":9,"lastStatement":22,"seen":{"s:4:21:4:Infinity":0,"b:4:21:4:53:4:53:4:Infinity":0,"s:6:12:8:2":1,"s:10:27:23:Infinity":2,"f:11:13:11:20":0,"s:12:21:12:72":3,"s:13:4:13:Infinity":4,"f:15:11:15:18":1,"s:16:21:16:64":5,"s:17:4:17:Infinity":6,"f:19:10:19:17":2,"s:20:21:20:69":7,"s:21:4:21:Infinity":8,"s:25:25:34:Infinity":9,"f:26:19:26:26":3,"s:27:21:27:80":10,"s:28:4:28:Infinity":11,"f:30:10:30:17":4,"s:31:21:31:87":12,"s:32:4:32:Infinity":13,"s:36:27:52:Infinity":14,"f:37:16:37:23":5,"s:38:21:38:84":15,"s:39:4:39:Infinity":16,"f:41:7:41:14":6,"s:42:21:42:73":17,"s:43:4:43:Infinity":18,"f:45:10:45:17":7,"s:46:4:46:Infinity":19,"f:48:9:48:16":8,"s:49:21:49:116":20,"s:50:4:50:Infinity":21}}}
,"/home/crawd_user/project/famap/client/src/types/index.ts": {"path":"/home/crawd_user/project/famap/client/src/types/index.ts","statementMap":{},"fnMap":{},"branchMap":{},"s":{},"f":{},"b":{},"meta":{"lastBranch":0,"lastFunction":0,"lastStatement":0,"seen":{}}}
}
